#
# There is insufficient memory for the Java Runtime Environment to continue.
# Native memory allocation (malloc) failed to allocate 500976 bytes. Error detail: Chunk::new
# Possible reasons:
#   The system is out of physical RAM or swap space
#   This process is running with CompressedOops enabled, and the Java Heap may be blocking the growth of the native heap
# Possible solutions:
#   Reduce memory load on the system
#   Increase physical memory or swap space
#   Check if swap backing store is full
#   Decrease Java heap size (-Xmx/-Xms)
#   Decrease number of Java threads
#   Decrease Java thread stack sizes (-Xss)
#   Set larger code cache with -XX:ReservedCodeCacheSize=
#   JVM is running with Unscaled Compressed Oops mode in which the Java heap is
#     placed in the first 4GB address space. The Java Heap base address is the
#     maximum limit for the native heap growth. Please use -XX:HeapBaseMinAddress
#     to set the Java Heap base and to place the Java Heap above 4GB virtual address.
# This output file may be truncated or incomplete.
#
#  Out of Memory Error (arena.cpp:191), pid=32100, tid=20792
#
# JRE version: OpenJDK Runtime Environment Microsoft-12574423 (17.0.17+10) (build 17.0.17+10-LTS)
# Java VM: OpenJDK 64-Bit Server VM Microsoft-12574423 (17.0.17+10-LTS, mixed mode, sharing, tiered, compressed oops, compressed class ptrs, g1 gc, windows-amd64)
# No core dump will be written. Minidumps are not enabled by default on client versions of Windows
#

---------------  S U M M A R Y ------------

Command Line: -Xmx64m -Xms64m -Dorg.gradle.appname=gradlew E:\Stylinx\android\\gradle\wrapper\gradle-wrapper.jar app:installDebug -PreactNativeDevServerPort=8081

Host: Intel(R) Core(TM) i7-10870H CPU @ 2.20GHz, 16 cores, 15G,  Windows 11 , 64 bit Build 26100 (10.0.26100.7019)
Time: Sat Dec  6 20:57:51 2025 India Standard Time elapsed time: 0.432386 seconds (0d 0h 0m 0s)

---------------  T H R E A D  ---------------

Current thread (0x000002358a29d960):  JavaThread "C2 CompilerThread2" daemon [_thread_in_native, id=20792, stack(0x0000006fbdc00000,0x0000006fbdd00000)]


Current CompileTask:
C2:432  555       4       java.util.HashSet::add (20 bytes)

Stack: [0x0000006fbdc00000,0x0000006fbdd00000]
Native frames: (J=compiled Java code, j=interpreted, Vv=VM code, C=native code)
V  [jvm.dll+0x68c459]  (no source info available)
V  [jvm.dll+0x845e09]  (no source info available)
V  [jvm.dll+0x847b78]  (no source info available)
V  [jvm.dll+0x848203]  (no source info available)
V  [jvm.dll+0x24cf6f]  (no source info available)
V  [jvm.dll+0xaecb6]  (no source info available)
V  [jvm.dll+0xaf35c]  (no source info available)
V  [jvm.dll+0x37152f]  (no source info available)
V  [jvm.dll+0x33b8d5]  (no source info available)
V  [jvm.dll+0x33ad3a]  (no source info available)
V  [jvm.dll+0x21df29]  (no source info available)
V  [jvm.dll+0x21d36d]  (no source info available)
V  [jvm.dll+0x1a8ce6]  (no source info available)
V  [jvm.dll+0x22db1b]  (no source info available)
V  [jvm.dll+0x22bca6]  (no source info available)
V  [jvm.dll+0x7fb65b]  (no source info available)
V  [jvm.dll+0x7f5a5c]  (no source info available)
V  [jvm.dll+0x68d9f7]  (no source info available)
C  [ucrtbase.dll+0x37b0]  (no source info available)
C  [KERNEL32.DLL+0x2e8d7]  (no source info available)
C  [ntdll.dll+0x8c53c]  (no source info available)


---------------  P R O C E S S  ---------------

Threads class SMR info:
_java_thread_list=0x000002358a5d02f0, length=17, elements={
0x000002352a67f050, 0x0000023544b8f450, 0x0000023544b90010, 0x0000023544baa7d0,
0x0000023544bab190, 0x0000023544babb50, 0x0000023544bac510, 0x0000023544bad610,
0x0000023544bae010, 0x0000023544bb9f20, 0x000002358a03b170, 0x000002358a10f0c0,
0x000002358a118e50, 0x000002358a29d440, 0x000002358a29d960, 0x000002358a29de80,
0x000002358a6cf300
}

Java Threads: ( => current thread )
  0x000002352a67f050 JavaThread "main" [_thread_in_native, id=28612, stack(0x0000006fbc700000,0x0000006fbc800000)]
  0x0000023544b8f450 JavaThread "Reference Handler" daemon [_thread_blocked, id=30656, stack(0x0000006fbce00000,0x0000006fbcf00000)]
  0x0000023544b90010 JavaThread "Finalizer" daemon [_thread_blocked, id=12244, stack(0x0000006fbcf00000,0x0000006fbd000000)]
  0x0000023544baa7d0 JavaThread "Signal Dispatcher" daemon [_thread_blocked, id=18604, stack(0x0000006fbd000000,0x0000006fbd100000)]
  0x0000023544bab190 JavaThread "Attach Listener" daemon [_thread_blocked, id=35384, stack(0x0000006fbd100000,0x0000006fbd200000)]
  0x0000023544babb50 JavaThread "Service Thread" daemon [_thread_blocked, id=23316, stack(0x0000006fbd200000,0x0000006fbd300000)]
  0x0000023544bac510 JavaThread "Monitor Deflation Thread" daemon [_thread_blocked, id=24304, stack(0x0000006fbd300000,0x0000006fbd400000)]
  0x0000023544bad610 JavaThread "C2 CompilerThread0" daemon [_thread_in_vm, id=24328, stack(0x0000006fbd400000,0x0000006fbd500000)]
  0x0000023544bae010 JavaThread "C1 CompilerThread0" daemon [_thread_in_native, id=20308, stack(0x0000006fbd500000,0x0000006fbd600000)]
  0x0000023544bb9f20 JavaThread "Sweeper thread" daemon [_thread_blocked, id=26100, stack(0x0000006fbd600000,0x0000006fbd700000)]
  0x000002358a03b170 JavaThread "C1 CompilerThread1" daemon [_thread_in_native, id=18564, stack(0x0000006fbd700000,0x0000006fbd800000)]
  0x000002358a10f0c0 JavaThread "Notification Thread" daemon [_thread_blocked, id=21880, stack(0x0000006fbd800000,0x0000006fbd900000)]
  0x000002358a118e50 JavaThread "Common-Cleaner" daemon [_thread_blocked, id=17856, stack(0x0000006fbda00000,0x0000006fbdb00000)]
  0x000002358a29d440 JavaThread "C2 CompilerThread1" daemon [_thread_in_native, id=20084, stack(0x0000006fbdb00000,0x0000006fbdc00000)]
=>0x000002358a29d960 JavaThread "C2 CompilerThread2" daemon [_thread_in_native, id=20792, stack(0x0000006fbdc00000,0x0000006fbdd00000)]
  0x000002358a29de80 JavaThread "C2 CompilerThread3" daemon [_thread_in_native, id=37308, stack(0x0000006fbdd00000,0x0000006fbde00000)]
  0x000002358a6cf300 JavaThread "C2 CompilerThread4" daemon [_thread_in_native, id=27084, stack(0x0000006fbe100000,0x0000006fbe200000)]

Other Threads:
  0x0000023544b87ef0 VMThread "VM Thread" [stack: 0x0000006fbcd00000,0x0000006fbce00000] [id=30192]
  0x000002358a1165e0 WatcherThread [stack: 0x0000006fbd900000,0x0000006fbda00000] [id=22588]
  0x000002352a6a1280 GCTaskThread "GC Thread#0" [stack: 0x0000006fbc800000,0x0000006fbc900000] [id=13340]
  0x000002358a74cd90 GCTaskThread "GC Thread#1" [stack: 0x0000006fbde00000,0x0000006fbdf00000] [id=7716]
  0x000002358a3fbc70 GCTaskThread "GC Thread#2" [stack: 0x0000006fbdf00000,0x0000006fbe000000] [id=10544]
  0x000002358a3fd2f0 GCTaskThread "GC Thread#3" [stack: 0x0000006fbe000000,0x0000006fbe100000] [id=31212]
  0x000002352a6a29e0 ConcurrentGCThread "G1 Main Marker" [stack: 0x0000006fbc900000,0x0000006fbca00000] [id=37084]
  0x000002352a6a41a0 ConcurrentGCThread "G1 Conc#0" [stack: 0x0000006fbca00000,0x0000006fbcb00000] [id=33088]
  0x000002352a725260 ConcurrentGCThread "G1 Refine#0" [stack: 0x0000006fbcb00000,0x0000006fbcc00000] [id=17348]
  0x000002352a726b50 ConcurrentGCThread "G1 Service" [stack: 0x0000006fbcc00000,0x0000006fbcd00000] [id=18372]

Threads with active compile tasks:
C2 CompilerThread0  481  680       4       java.util.HashMap::put (13 bytes)
C1 CompilerThread0  481  709       3       java.util.LinkedList::indexOf (73 bytes)
C1 CompilerThread1  481  705       3       jdk.internal.util.jar.JarIndex::addToList (59 bytes)
C2 CompilerThread1  481  697       4       java.util.zip.ZipFile$Source::isMetaName (141 bytes)
C2 CompilerThread2  481  555       4       java.util.HashSet::add (20 bytes)
C2 CompilerThread3  481  693   !   4       java.util.zip.ZipFile$Source::checkAndAddEntry (262 bytes)
C2 CompilerThread4  481  699 %     4       java.lang.StringCoding::hasNegatives @ 2 (25 bytes)

VM state: not at safepoint (normal execution)

VM Mutex/Monitor currently owned by a thread: None

Heap address: 0x00000000fc000000, size: 64 MB, Compressed Oops mode: 32-bit

CDS archive(s) mapped at: [0x0000023545000000-0x0000023545bb0000-0x0000023545bb0000), size 12255232, SharedBaseAddress: 0x0000023545000000, ArchiveRelocationMode: 1.
Compressed class space mapped at: 0x0000023546000000-0x0000023586000000, reserved size: 1073741824
Narrow klass base: 0x0000023545000000, Narrow klass shift: 0, Narrow klass range: 0x100000000

GC Precious Log:
 CPUs: 16 total, 16 available
 Memory: 16159M
 Large Page Support: Disabled
 NUMA Support: Disabled
 Compressed Oops: Enabled (32-bit)
 Heap Region Size: 1M
 Heap Min Capacity: 64M
 Heap Initial Capacity: 64M
 Heap Max Capacity: 64M
 Pre-touch: Disabled
 Parallel Workers: 13
 Concurrent Workers: 3
 Concurrent Refinement Workers: 13
 Periodic GC: Disabled

Heap:
 garbage-first heap   total 65536K, used 4096K [0x00000000fc000000, 0x0000000100000000)
  region size 1024K, 5 young (5120K), 2 survivors (2048K)
 Metaspace       used 1854K, committed 1984K, reserved 1114112K
  class space    used 162K, committed 192K, reserved 1048576K

Heap Regions: E=young(eden), S=young(survivor), O=old, HS=humongous(starts), HC=humongous(continues), CS=collection set, F=free, OA=open archive, CA=closed archive, TAMS=top-at-mark-start (previous, next)
|   0|0x00000000fc000000, 0x00000000fc000000, 0x00000000fc100000|  0%| F|  |TAMS 0x00000000fc000000, 0x00000000fc000000| Untracked 
|   1|0x00000000fc100000, 0x00000000fc100000, 0x00000000fc200000|  0%| F|  |TAMS 0x00000000fc100000, 0x00000000fc100000| Untracked 
|   2|0x00000000fc200000, 0x00000000fc200000, 0x00000000fc300000|  0%| F|  |TAMS 0x00000000fc200000, 0x00000000fc200000| Untracked 
|   3|0x00000000fc300000, 0x00000000fc300000, 0x00000000fc400000|  0%| F|  |TAMS 0x00000000fc300000, 0x00000000fc300000| Untracked 
|   4|0x00000000fc400000, 0x00000000fc400000, 0x00000000fc500000|  0%| F|  |TAMS 0x00000000fc400000, 0x00000000fc400000| Untracked 
|   5|0x00000000fc500000, 0x00000000fc500000, 0x00000000fc600000|  0%| F|  |TAMS 0x00000000fc500000, 0x00000000fc500000| Untracked 
|   6|0x00000000fc600000, 0x00000000fc600000, 0x00000000fc700000|  0%| F|  |TAMS 0x00000000fc600000, 0x00000000fc600000| Untracked 
|   7|0x00000000fc700000, 0x00000000fc700000, 0x00000000fc800000|  0%| F|  |TAMS 0x00000000fc700000, 0x00000000fc700000| Untracked 
|   8|0x00000000fc800000, 0x00000000fc800000, 0x00000000fc900000|  0%| F|  |TAMS 0x00000000fc800000, 0x00000000fc800000| Untracked 
|   9|0x00000000fc900000, 0x00000000fc900000, 0x00000000fca00000|  0%| F|  |TAMS 0x00000000fc900000, 0x00000000fc900000| Untracked 
|  10|0x00000000fca00000, 0x00000000fca00000, 0x00000000fcb00000|  0%| F|  |TAMS 0x00000000fca00000, 0x00000000fca00000| Untracked 
|  11|0x00000000fcb00000, 0x00000000fcb00000, 0x00000000fcc00000|  0%| F|  |TAMS 0x00000000fcb00000, 0x00000000fcb00000| Untracked 
|  12|0x00000000fcc00000, 0x00000000fcc00000, 0x00000000fcd00000|  0%| F|  |TAMS 0x00000000fcc00000, 0x00000000fcc00000| Untracked 
|  13|0x00000000fcd00000, 0x00000000fcd00000, 0x00000000fce00000|  0%| F|  |TAMS 0x00000000fcd00000, 0x00000000fcd00000| Untracked 
|  14|0x00000000fce00000, 0x00000000fce00000, 0x00000000fcf00000|  0%| F|  |TAMS 0x00000000fce00000, 0x00000000fce00000| Untracked 
|  15|0x00000000fcf00000, 0x00000000fcf00000, 0x00000000fd000000|  0%| F|  |TAMS 0x00000000fcf00000, 0x00000000fcf00000| Untracked 
|  16|0x00000000fd000000, 0x00000000fd000000, 0x00000000fd100000|  0%| F|  |TAMS 0x00000000fd000000, 0x00000000fd000000| Untracked 
|  17|0x00000000fd100000, 0x00000000fd100000, 0x00000000fd200000|  0%| F|  |TAMS 0x00000000fd100000, 0x00000000fd100000| Untracked 
|  18|0x00000000fd200000, 0x00000000fd200000, 0x00000000fd300000|  0%| F|  |TAMS 0x00000000fd200000, 0x00000000fd200000| Untracked 
|  19|0x00000000fd300000, 0x00000000fd300000, 0x00000000fd400000|  0%| F|  |TAMS 0x00000000fd300000, 0x00000000fd300000| Untracked 
|  20|0x00000000fd400000, 0x00000000fd400000, 0x00000000fd500000|  0%| F|  |TAMS 0x00000000fd400000, 0x00000000fd400000| Untracked 
|  21|0x00000000fd500000, 0x00000000fd500000, 0x00000000fd600000|  0%| F|  |TAMS 0x00000000fd500000, 0x00000000fd500000| Untracked 
|  22|0x00000000fd600000, 0x00000000fd600000, 0x00000000fd700000|  0%| F|  |TAMS 0x00000000fd600000, 0x00000000fd600000| Untracked 
|  23|0x00000000fd700000, 0x00000000fd700000, 0x00000000fd800000|  0%| F|  |TAMS 0x00000000fd700000, 0x00000000fd700000| Untracked 
|  24|0x00000000fd800000, 0x00000000fd800000, 0x00000000fd900000|  0%| F|  |TAMS 0x00000000fd800000, 0x00000000fd800000| Untracked 
|  25|0x00000000fd900000, 0x00000000fd900000, 0x00000000fda00000|  0%| F|  |TAMS 0x00000000fd900000, 0x00000000fd900000| Untracked 
|  26|0x00000000fda00000, 0x00000000fda00000, 0x00000000fdb00000|  0%| F|  |TAMS 0x00000000fda00000, 0x00000000fda00000| Untracked 
|  27|0x00000000fdb00000, 0x00000000fdb00000, 0x00000000fdc00000|  0%| F|  |TAMS 0x00000000fdb00000, 0x00000000fdb00000| Untracked 
|  28|0x00000000fdc00000, 0x00000000fdc00000, 0x00000000fdd00000|  0%| F|  |TAMS 0x00000000fdc00000, 0x00000000fdc00000| Untracked 
|  29|0x00000000fdd00000, 0x00000000fdd00000, 0x00000000fde00000|  0%| F|  |TAMS 0x00000000fdd00000, 0x00000000fdd00000| Untracked 
|  30|0x00000000fde00000, 0x00000000fde00000, 0x00000000fdf00000|  0%| F|  |TAMS 0x00000000fde00000, 0x00000000fde00000| Untracked 
|  31|0x00000000fdf00000, 0x00000000fdf00000, 0x00000000fe000000|  0%| F|  |TAMS 0x00000000fdf00000, 0x00000000fdf00000| Untracked 
|  32|0x00000000fe000000, 0x00000000fe000000, 0x00000000fe100000|  0%| F|  |TAMS 0x00000000fe000000, 0x00000000fe000000| Untracked 
|  33|0x00000000fe100000, 0x00000000fe100000, 0x00000000fe200000|  0%| F|  |TAMS 0x00000000fe100000, 0x00000000fe100000| Untracked 
|  34|0x00000000fe200000, 0x00000000fe200000, 0x00000000fe300000|  0%| F|  |TAMS 0x00000000fe200000, 0x00000000fe200000| Untracked 
|  35|0x00000000fe300000, 0x00000000fe300000, 0x00000000fe400000|  0%| F|  |TAMS 0x00000000fe300000, 0x00000000fe300000| Untracked 
|  36|0x00000000fe400000, 0x00000000fe400000, 0x00000000fe500000|  0%| F|  |TAMS 0x00000000fe400000, 0x00000000fe400000| Untracked 
|  37|0x00000000fe500000, 0x00000000fe500000, 0x00000000fe600000|  0%| F|  |TAMS 0x00000000fe500000, 0x00000000fe500000| Untracked 
|  38|0x00000000fe600000, 0x00000000fe600000, 0x00000000fe700000|  0%| F|  |TAMS 0x00000000fe600000, 0x00000000fe600000| Untracked 
|  39|0x00000000fe700000, 0x00000000fe800000, 0x00000000fe800000|100%| S|CS|TAMS 0x00000000fe700000, 0x00000000fe700000| Complete 
|  40|0x00000000fe800000, 0x00000000fe900000, 0x00000000fe900000|100%| S|CS|TAMS 0x00000000fe800000, 0x00000000fe800000| Complete 
|  41|0x00000000fe900000, 0x00000000fe900000, 0x00000000fea00000|  0%| F|  |TAMS 0x00000000fe900000, 0x00000000fe900000| Untracked 
|  42|0x00000000fea00000, 0x00000000fea00000, 0x00000000feb00000|  0%| F|  |TAMS 0x00000000fea00000, 0x00000000fea00000| Untracked 
|  43|0x00000000feb00000, 0x00000000feb00000, 0x00000000fec00000|  0%| F|  |TAMS 0x00000000feb00000, 0x00000000feb00000| Untracked 
|  44|0x00000000fec00000, 0x00000000fec00000, 0x00000000fed00000|  0%| F|  |TAMS 0x00000000fec00000, 0x00000000fec00000| Untracked 
|  45|0x00000000fed00000, 0x00000000fed00000, 0x00000000fee00000|  0%| F|  |TAMS 0x00000000fed00000, 0x00000000fed00000| Untracked 
|  46|0x00000000fee00000, 0x00000000fee00000, 0x00000000fef00000|  0%| F|  |TAMS 0x00000000fee00000, 0x00000000fee00000| Untracked 
|  47|0x00000000fef00000, 0x00000000fef00000, 0x00000000ff000000|  0%| F|  |TAMS 0x00000000fef00000, 0x00000000fef00000| Untracked 
|  48|0x00000000ff000000, 0x00000000ff000000, 0x00000000ff100000|  0%| F|  |TAMS 0x00000000ff000000, 0x00000000ff000000| Untracked 
|  49|0x00000000ff100000, 0x00000000ff100000, 0x00000000ff200000|  0%| F|  |TAMS 0x00000000ff100000, 0x00000000ff100000| Untracked 
|  50|0x00000000ff200000, 0x00000000ff200000, 0x00000000ff300000|  0%| F|  |TAMS 0x00000000ff200000, 0x00000000ff200000| Untracked 
|  51|0x00000000ff300000, 0x00000000ff300000, 0x00000000ff400000|  0%| F|  |TAMS 0x00000000ff300000, 0x00000000ff300000| Untracked 
|  52|0x00000000ff400000, 0x00000000ff400000, 0x00000000ff500000|  0%| F|  |TAMS 0x00000000ff400000, 0x00000000ff400000| Untracked 
|  53|0x00000000ff500000, 0x00000000ff500000, 0x00000000ff600000|  0%| F|  |TAMS 0x00000000ff500000, 0x00000000ff500000| Untracked 
|  54|0x00000000ff600000, 0x00000000ff600000, 0x00000000ff700000|  0%| F|  |TAMS 0x00000000ff600000, 0x00000000ff600000| Untracked 
|  55|0x00000000ff700000, 0x00000000ff700000, 0x00000000ff800000|  0%| F|  |TAMS 0x00000000ff700000, 0x00000000ff700000| Untracked 
|  56|0x00000000ff800000, 0x00000000ff800000, 0x00000000ff900000|  0%| F|  |TAMS 0x00000000ff800000, 0x00000000ff800000| Untracked 
|  57|0x00000000ff900000, 0x00000000ff900000, 0x00000000ffa00000|  0%| F|  |TAMS 0x00000000ff900000, 0x00000000ff900000| Untracked 
|  58|0x00000000ffa00000, 0x00000000ffa00000, 0x00000000ffb00000|  0%| F|  |TAMS 0x00000000ffa00000, 0x00000000ffa00000| Untracked 
|  59|0x00000000ffb00000, 0x00000000ffb00000, 0x00000000ffc00000|  0%| F|  |TAMS 0x00000000ffb00000, 0x00000000ffb00000| Untracked 
|  60|0x00000000ffc00000, 0x00000000ffc00000, 0x00000000ffd00000|  0%| F|  |TAMS 0x00000000ffc00000, 0x00000000ffc00000| Untracked 
|  61|0x00000000ffd00000, 0x00000000ffdf1c08, 0x00000000ffe00000| 94%| E|  |TAMS 0x00000000ffd00000, 0x00000000ffd00000| Complete 
|  62|0x00000000ffe00000, 0x00000000fff00000, 0x00000000fff00000|100%| E|CS|TAMS 0x00000000ffe00000, 0x00000000ffe00000| Complete 
|  63|0x00000000fff00000, 0x0000000100000000, 0x0000000100000000|100%| E|CS|TAMS 0x00000000fff00000, 0x00000000fff00000| Complete 

Card table byte_map: [0x0000023528480000,0x00000235284a0000] _byte_map_base: 0x0000023527ca0000

Marking Bits (Prev, Next): (CMBitMap*) 0x000002352a6a18b0, (CMBitMap*) 0x000002352a6a18f0
 Prev Bits: [0x0000023541a70000, 0x0000023541b70000)
 Next Bits: [0x0000023541b70000, 0x0000023541c70000)

Polling page: 0x0000023528430000

Metaspace:

Usage:
  Non-class:      1.66 MB used.
      Class:    162.17 KB used.
       Both:      1.82 MB used.

Virtual space:
  Non-class space:       64.00 MB reserved,       1.75 MB (  3%) committed,  1 nodes.
      Class space:        1.00 GB reserved,     192.00 KB ( <1%) committed,  1 nodes.
             Both:        1.06 GB reserved,       1.94 MB ( <1%) committed. 

Chunk freelists:
   Non-Class:  11.71 MB
       Class:  15.69 MB
        Both:  27.41 MB

MaxMetaspaceSize: unlimited
CompressedClassSpaceSize: 1.00 GB
Initial GC threshold: 21.00 MB
Current GC threshold: 21.00 MB
CDS: on
MetaspaceReclaimPolicy: balanced
 - commit_granule_bytes: 65536.
 - commit_granule_words: 8192.
 - virtual_space_node_default_size: 8388608.
 - enlarge_chunks_in_place: 1.
 - new_chunks_are_fully_committed: 0.
 - uncommit_free_chunks: 1.
 - use_allocation_guard: 0.
 - handle_deallocations: 1.


Internal statistics:

num_allocs_failed_limit: 0.
num_arena_births: 14.
num_arena_deaths: 0.
num_vsnodes_births: 2.
num_vsnodes_deaths: 0.
num_space_committed: 31.
num_space_uncommitted: 0.
num_chunks_returned_to_freelist: 0.
num_chunks_taken_from_freelist: 42.
num_chunk_merges: 0.
num_chunk_splits: 20.
num_chunks_enlarged: 14.
num_inconsistent_stats: 0.

CodeHeap 'non-profiled nmethods': size=119168Kb used=272Kb max_used=272Kb free=118895Kb
 bounds [0x0000023539d90000, 0x000002353a000000, 0x00000235411f0000]
CodeHeap 'profiled nmethods': size=119104Kb used=1240Kb max_used=1240Kb free=117863Kb
 bounds [0x00000235321f0000, 0x0000023532460000, 0x0000023539640000]
CodeHeap 'non-nmethods': size=7488Kb used=1685Kb max_used=1717Kb free=5802Kb
 bounds [0x0000023539640000, 0x00000235398b0000, 0x0000023539d90000]
 total_blobs=1113 nmethods=710 adapters=315
 compilation: enabled
              stopped_count=0, restarted_count=0
 full_count=0

Compilation events (20 events):
Event: 0.410 Thread 0x0000023544bae010  616       3       java.net.URI::quote (214 bytes)
Event: 0.410 Thread 0x000002358a29d440 nmethod 583 0x0000023539dc5190 code [0x0000023539dc53a0, 0x0000023539dc5dd0]
Event: 0.411 Thread 0x000002358a03b170  617       1       java.io.File::getPrefixLength (5 bytes)
Event: 0.411 Thread 0x000002358a03b170 nmethod 617 0x0000023539dc6590 code [0x0000023539dc6720, 0x0000023539dc67f8]
Event: 0.412 Thread 0x000002358a29d440  574       4       java.util.LinkedHashMap::newNode (23 bytes)
Event: 0.412 Thread 0x000002358a03b170  618       1       java.net.URL::getUserInfo (5 bytes)
Event: 0.412 Thread 0x000002358a03b170 nmethod 618 0x0000023539dc6890 code [0x0000023539dc6a20, 0x0000023539dc6af8]
Event: 0.414 Thread 0x000002358a03b170  619       3       java.lang.StringLatin1::regionMatchesCI (98 bytes)
Event: 0.414 Thread 0x0000023544bae010 nmethod 616 0x00000235322ea290 code [0x00000235322ea640, 0x00000235322ebe18]
Event: 0.415 Thread 0x000002358a03b170 nmethod 619 0x00000235322ec790 code [0x00000235322ec9c0, 0x00000235322ed0f8]
Event: 0.417 Thread 0x000002358a03b170  620   !   3       java.net.URL::<init> (543 bytes)
Event: 0.419 Thread 0x0000023544bae010  622       3       java.net.URL::isBuiltinStreamHandler (32 bytes)
Event: 0.422 Thread 0x000002358a29de80 nmethod 588 0x0000023539dc6b90 code [0x0000023539dc6d60, 0x0000023539dc79d8]
Event: 0.422 Thread 0x0000023544bae010 nmethod 622 0x00000235322ed490 code [0x00000235322ed780, 0x00000235322ee798]
Event: 0.422 Thread 0x0000023544bae010  628       3       java.util.HashMap::<init> (11 bytes)
Event: 0.422 Thread 0x000002358a29d440 nmethod 574 0x0000023539dc7d90 code [0x0000023539dc7f20, 0x0000023539dc83d8]
Event: 0.423 Thread 0x0000023544bae010 nmethod 628 0x00000235322eed10 code [0x00000235322eeec0, 0x00000235322ef098]
Event: 0.423 Thread 0x0000023544bae010  623       3       java.net.URL::isBuiltinStreamHandler (8 bytes)
Event: 0.423 Thread 0x000002358a29d440  621 %     4       java.lang.StringLatin1::replace @ 13 (198 bytes)
Event: 0.424 Thread 0x000002358a29de80  575       4       java.util.LinkedHashMap$Entry::<init> (10 bytes)

GC Heap History (1 events):
Event: 0.425 GC heap before
{Heap before GC invocations=0 (full 0):
 garbage-first heap   total 65536K, used 22528K [0x00000000fc000000, 0x0000000100000000)
  region size 1024K, 23 young (23552K), 0 survivors (0K)
 Metaspace       used 1754K, committed 1856K, reserved 1114112K
  class space    used 159K, committed 192K, reserved 1048576K
}

Dll operation events (6 events):
Event: 0.009 Loaded shared library C:\Program Files\Microsoft\jdk-17.0.17.10-hotspot\bin\java.dll
Event: 0.022 Loaded shared library C:\Program Files\Microsoft\jdk-17.0.17.10-hotspot\bin\jsvml.dll
Event: 0.044 Loaded shared library C:\Program Files\Microsoft\jdk-17.0.17.10-hotspot\bin\net.dll
Event: 0.046 Loaded shared library C:\Program Files\Microsoft\jdk-17.0.17.10-hotspot\bin\nio.dll
Event: 0.049 Loaded shared library C:\Program Files\Microsoft\jdk-17.0.17.10-hotspot\bin\zip.dll
Event: 0.387 Loaded shared library C:\Program Files\Microsoft\jdk-17.0.17.10-hotspot\bin\jimage.dll

Deoptimization events (20 events):
Event: 0.363 Thread 0x000002352a67f050 Uncommon trap: trap_request=0xffffffde fr.pc=0x0000023539dbeb38 relative=0x00000000000006d8
Event: 0.363 Thread 0x000002352a67f050 Uncommon trap: reason=class_check action=maybe_recompile pc=0x0000023539dbeb38 method=java.util.HashMap.putVal(ILjava/lang/Object;Ljava/lang/Object;ZZ)Ljava/lang/Object; @ 253 c2
Event: 0.363 Thread 0x000002352a67f050 DEOPT PACKING pc=0x0000023539dbeb38 sp=0x0000006fbc7fe630
Event: 0.363 Thread 0x000002352a67f050 DEOPT UNPACKING pc=0x00000235396969a3 sp=0x0000006fbc7fe5c0 mode 2
Event: 0.363 Thread 0x000002352a67f050 Uncommon trap: trap_request=0xffffffde fr.pc=0x0000023539dbeb38 relative=0x00000000000006d8
Event: 0.363 Thread 0x000002352a67f050 Uncommon trap: reason=class_check action=maybe_recompile pc=0x0000023539dbeb38 method=java.util.HashMap.putVal(ILjava/lang/Object;Ljava/lang/Object;ZZ)Ljava/lang/Object; @ 253 c2
Event: 0.363 Thread 0x000002352a67f050 DEOPT PACKING pc=0x0000023539dbeb38 sp=0x0000006fbc7fe630
Event: 0.363 Thread 0x000002352a67f050 DEOPT UNPACKING pc=0x00000235396969a3 sp=0x0000006fbc7fe5c0 mode 2
Event: 0.374 Thread 0x000002352a67f050 Uncommon trap: trap_request=0xffffffde fr.pc=0x0000023539dc07ec relative=0x000000000000078c
Event: 0.374 Thread 0x000002352a67f050 Uncommon trap: reason=class_check action=maybe_recompile pc=0x0000023539dc07ec method=java.util.HashMap.putVal(ILjava/lang/Object;Ljava/lang/Object;ZZ)Ljava/lang/Object; @ 253 c2
Event: 0.375 Thread 0x000002352a67f050 DEOPT PACKING pc=0x0000023539dc07ec sp=0x0000006fbc7fe770
Event: 0.375 Thread 0x000002352a67f050 DEOPT UNPACKING pc=0x00000235396969a3 sp=0x0000006fbc7fe680 mode 2
Event: 0.384 Thread 0x000002352a67f050 Uncommon trap: trap_request=0xffffff45 fr.pc=0x0000023539dc243c relative=0x0000000000000e5c
Event: 0.384 Thread 0x000002352a67f050 Uncommon trap: reason=unstable_if action=reinterpret pc=0x0000023539dc243c method=java.util.HashMap.putVal(ILjava/lang/Object;Ljava/lang/Object;ZZ)Ljava/lang/Object; @ 81 c2
Event: 0.384 Thread 0x000002352a67f050 DEOPT PACKING pc=0x0000023539dc243c sp=0x0000006fbc7fea00
Event: 0.384 Thread 0x000002352a67f050 DEOPT UNPACKING pc=0x00000235396969a3 sp=0x0000006fbc7fe980 mode 2
Event: 0.422 Thread 0x000002352a67f050 Uncommon trap: trap_request=0xffffff45 fr.pc=0x0000023539dbd314 relative=0x00000000000001f4
Event: 0.422 Thread 0x000002352a67f050 Uncommon trap: reason=unstable_if action=reinterpret pc=0x0000023539dbd314 method=java.io.WinNTFileSystem.normalize(Ljava/lang/String;)Ljava/lang/String; @ 104 c2
Event: 0.422 Thread 0x000002352a67f050 DEOPT PACKING pc=0x0000023539dbd314 sp=0x0000006fbc7fe070
Event: 0.422 Thread 0x000002352a67f050 DEOPT UNPACKING pc=0x00000235396969a3 sp=0x0000006fbc7fdff8 mode 2

Classes loaded (20 events):
Event: 0.103 Loading class java/io/FilePermission$1
Event: 0.103 Loading class jdk/internal/access/JavaIOFilePermissionAccess
Event: 0.103 Loading class jdk/internal/access/JavaIOFilePermissionAccess done
Event: 0.103 Loading class java/io/FilePermission$1 done
Event: 0.103 Loading class java/io/FilePermissionCollection
Event: 0.103 Loading class java/io/FilePermissionCollection done
Event: 0.103 Loading class java/util/Vector
Event: 0.103 Loading class java/util/Vector done
Event: 0.103 Loading class java/io/FilePermissionCollection$1
Event: 0.103 Loading class java/io/FilePermissionCollection$1 done
Event: 0.109 Loading class java/io/UncheckedIOException
Event: 0.109 Loading class java/io/UncheckedIOException done
Event: 0.113 Loading class java/net/MalformedURLException
Event: 0.113 Loading class java/net/MalformedURLException done
Event: 0.114 Loading class java/io/FileFilter
Event: 0.114 Loading class java/io/FileFilter done
Event: 0.149 Loading class java/util/AbstractList$Itr
Event: 0.149 Loading class java/util/AbstractList$Itr done
Event: 0.162 Loading class java/lang/invoke/DirectMethodHandle$Special
Event: 0.162 Loading class java/lang/invoke/DirectMethodHandle$Special done

Classes unloaded (0 events):
No events

Classes redefined (0 events):
No events

Internal exceptions (1 events):
Event: 0.109 Thread 0x000002352a67f050 Exception <a 'java/lang/NoSuchMethodError'{0x00000000ffc70698}: 'int java.lang.invoke.DirectMethodHandle$Holder.invokeStaticInit(java.lang.Object, java.lang.Object)'> (0x00000000ffc70698) 
thrown [s\src\hotspot\share\interpreter\linkResolver.cpp, line 759]

VM Operations (3 events):
Event: 0.049 Executing VM operation: HandshakeAllThreads
Event: 0.049 Executing VM operation: HandshakeAllThreads done
Event: 0.423 Executing VM operation: G1CollectForAllocation

Memory protections (0 events):
No events

Nmethod flushes (0 events):
No events

Events (16 events):
Event: 0.022 Thread 0x000002352a67f050 Thread added: 0x000002352a67f050
Event: 0.024 Thread 0x000002352a67f050 Thread added: 0x0000023544b8f450
Event: 0.024 Thread 0x000002352a67f050 Thread added: 0x0000023544b90010
Event: 0.031 Thread 0x000002352a67f050 Thread added: 0x0000023544baa7d0
Event: 0.031 Thread 0x000002352a67f050 Thread added: 0x0000023544bab190
Event: 0.031 Thread 0x000002352a67f050 Thread added: 0x0000023544babb50
Event: 0.031 Thread 0x000002352a67f050 Thread added: 0x0000023544bac510
Event: 0.031 Thread 0x000002352a67f050 Thread added: 0x0000023544bad610
Event: 0.031 Thread 0x000002352a67f050 Thread added: 0x0000023544bae010
Event: 0.032 Thread 0x000002352a67f050 Thread added: 0x0000023544bb9f20
Event: 0.034 Thread 0x0000023544bae010 Thread added: 0x000002358a03b170
Event: 0.040 Thread 0x000002352a67f050 Thread added: 0x000002358a10f0c0
Event: 0.041 Thread 0x000002352a67f050 Thread added: 0x000002358a118e50
Event: 0.380 Thread 0x000002358a03b170 Thread added: 0x000002358a29d440
Event: 0.380 Thread 0x000002358a03b170 Thread added: 0x000002358a29d960
Event: 0.385 Thread 0x0000023544bad610 Thread added: 0x000002358a29de80


Dynamic libraries:
0x00007ff625310000 - 0x00007ff62531e000 	C:\Program Files\Microsoft\jdk-17.0.17.10-hotspot\bin\java.exe
0x00007ffff9620000 - 0x00007ffff9888000 	C:\WINDOWS\SYSTEM32\ntdll.dll
0x00007fffdc460000 - 0x00007fffdc480000 	C:\Program Files\Avast Software\Avast\aswhook.dll
0x00007ffff85e0000 - 0x00007ffff86a9000 	C:\WINDOWS\System32\KERNEL32.DLL
0x00007ffff6d90000 - 0x00007ffff7188000 	C:\WINDOWS\System32\KERNELBASE.dll
0x00007ffff6800000 - 0x00007ffff694b000 	C:\WINDOWS\System32\ucrtbase.dll
0x00007fffb3330000 - 0x00007fffb334e000 	C:\Program Files\Microsoft\jdk-17.0.17.10-hotspot\bin\VCRUNTIME140.dll
0x00007fffb1c80000 - 0x00007fffb1c98000 	C:\Program Files\Microsoft\jdk-17.0.17.10-hotspot\bin\jli.dll
0x00007ffff8f00000 - 0x00007ffff90c7000 	C:\WINDOWS\System32\USER32.dll
0x00007ffff6a00000 - 0x00007ffff6a27000 	C:\WINDOWS\System32\win32u.dll
0x00007fffc8730000 - 0x00007fffc89c4000 	C:\WINDOWS\WinSxS\amd64_microsoft.windows.common-controls_6595b64144ccf1df_6.0.26100.7019_none_3e06ffa0e335b8a8\COMCTL32.dll
0x00007ffff76d0000 - 0x00007ffff76fb000 	C:\WINDOWS\System32\GDI32.dll
0x00007ffff9490000 - 0x00007ffff9539000 	C:\WINDOWS\System32\msvcrt.dll
0x00007ffff6ba0000 - 0x00007ffff6ccc000 	C:\WINDOWS\System32\gdi32full.dll
0x00007ffff6950000 - 0x00007ffff69f3000 	C:\WINDOWS\System32\msvcp_win.dll
0x00007ffff8550000 - 0x00007ffff8581000 	C:\WINDOWS\System32\IMM32.DLL
0x00007fffd8140000 - 0x00007fffd814c000 	C:\Program Files\Microsoft\jdk-17.0.17.10-hotspot\bin\vcruntime140_1.dll
0x00007fff94c50000 - 0x00007fff94cd9000 	C:\Program Files\Microsoft\jdk-17.0.17.10-hotspot\bin\msvcp140.dll
0x00007fff4c650000 - 0x00007fff4d2ca000 	C:\Program Files\Microsoft\jdk-17.0.17.10-hotspot\bin\server\jvm.dll
0x00007ffff7610000 - 0x00007ffff76c4000 	C:\WINDOWS\System32\ADVAPI32.dll
0x00007ffff86e0000 - 0x00007ffff8786000 	C:\WINDOWS\System32\sechost.dll
0x00007ffff8430000 - 0x00007ffff8548000 	C:\WINDOWS\System32\RPCRT4.dll
0x00007ffff8e80000 - 0x00007ffff8ef4000 	C:\WINDOWS\System32\WS2_32.dll
0x00007ffff65d0000 - 0x00007ffff662e000 	C:\WINDOWS\SYSTEM32\POWRPROF.dll
0x00007ffff0740000 - 0x00007ffff074b000 	C:\WINDOWS\SYSTEM32\VERSION.dll
0x00007fffe2bd0000 - 0x00007fffe2c05000 	C:\WINDOWS\SYSTEM32\WINMM.dll
0x00007ffff65b0000 - 0x00007ffff65c4000 	C:\WINDOWS\SYSTEM32\UMPDC.dll
0x00007ffff5500000 - 0x00007ffff551b000 	C:\WINDOWS\SYSTEM32\kernel.appcore.dll
0x00007fffd7e00000 - 0x00007fffd7e0a000 	C:\Program Files\Microsoft\jdk-17.0.17.10-hotspot\bin\jimage.dll
0x00007ffff3dd0000 - 0x00007ffff4012000 	C:\WINDOWS\SYSTEM32\DBGHELP.DLL
0x00007ffff7f20000 - 0x00007ffff82ab000 	C:\WINDOWS\System32\combase.dll
0x00007ffff9240000 - 0x00007ffff9317000 	C:\WINDOWS\System32\OLEAUT32.dll
0x00007fffe8170000 - 0x00007fffe81ac000 	C:\WINDOWS\SYSTEM32\dbgcore.DLL
0x00007ffff7310000 - 0x00007ffff73b5000 	C:\WINDOWS\System32\bcryptPrimitives.dll
0x00007fffb1c50000 - 0x00007fffb1c76000 	C:\Program Files\Microsoft\jdk-17.0.17.10-hotspot\bin\java.dll
0x00007fff8af40000 - 0x00007fff8b016000 	C:\Program Files\Microsoft\jdk-17.0.17.10-hotspot\bin\jsvml.dll
0x00007ffff7700000 - 0x00007ffff7e4f000 	C:\WINDOWS\System32\SHELL32.dll
0x00007ffff6a30000 - 0x00007ffff6b9b000 	C:\WINDOWS\System32\wintypes.dll
0x00007ffff4370000 - 0x00007ffff4bcd000 	C:\WINDOWS\SYSTEM32\windows.storage.dll
0x00007ffff8330000 - 0x00007ffff8422000 	C:\WINDOWS\System32\SHCORE.dll
0x00007ffff9420000 - 0x00007ffff9487000 	C:\WINDOWS\System32\shlwapi.dll
0x00007ffff6690000 - 0x00007ffff66b9000 	C:\WINDOWS\SYSTEM32\profapi.dll
0x00007fffb1c30000 - 0x00007fffb1c4b000 	C:\Program Files\Microsoft\jdk-17.0.17.10-hotspot\bin\net.dll
0x00007fffef640000 - 0x00007fffef768000 	C:\WINDOWS\SYSTEM32\WINHTTP.dll
0x00007ffff5aa0000 - 0x00007ffff5b0b000 	C:\WINDOWS\system32\mswsock.dll
0x00007fff9b870000 - 0x00007fff9b886000 	C:\Program Files\Microsoft\jdk-17.0.17.10-hotspot\bin\nio.dll
0x00007fff9b850000 - 0x00007fff9b868000 	C:\Program Files\Microsoft\jdk-17.0.17.10-hotspot\bin\zip.dll

dbghelp: loaded successfully - version: 4.0.5 - missing functions: none
symbol engine: initialized successfully - sym options: 0x614 - pdb path: .;C:\Program Files\Microsoft\jdk-17.0.17.10-hotspot\bin;C:\WINDOWS\SYSTEM32;C:\Program Files\Avast Software\Avast;C:\WINDOWS\WinSxS\amd64_microsoft.windows.common-controls_6595b64144ccf1df_6.0.26100.7019_none_3e06ffa0e335b8a8;C:\Program Files\Microsoft\jdk-17.0.17.10-hotspot\bin\server

VM Arguments:
jvm_args: -Xmx64m -Xms64m -Dorg.gradle.appname=gradlew 
java_command: E:\Stylinx\android\\gradle\wrapper\gradle-wrapper.jar app:installDebug -PreactNativeDevServerPort=8081
java_class_path (initial): E:\Stylinx\android\\gradle\wrapper\gradle-wrapper.jar
Launcher Type: SUN_STANDARD

[Global flags]
     intx CICompilerCount                          = 12                                        {product} {ergonomic}
     uint ConcGCThreads                            = 3                                         {product} {ergonomic}
     uint G1ConcRefinementThreads                  = 13                                        {product} {ergonomic}
   size_t G1HeapRegionSize                         = 1048576                                   {product} {ergonomic}
    uintx GCDrainStackTargetSize                   = 64                                        {product} {ergonomic}
   size_t InitialHeapSize                          = 67108864                                  {product} {command line}
   size_t MarkStackSize                            = 4194304                                   {product} {ergonomic}
   size_t MaxHeapSize                              = 67108864                                  {product} {command line}
   size_t MaxNewSize                               = 39845888                                  {product} {ergonomic}
   size_t MinHeapDeltaBytes                        = 1048576                                   {product} {ergonomic}
   size_t MinHeapSize                              = 67108864                                  {product} {command line}
    uintx NonNMethodCodeHeapSize                   = 7602480                                {pd product} {ergonomic}
    uintx NonProfiledCodeHeapSize                  = 122027880                              {pd product} {ergonomic}
    uintx ProfiledCodeHeapSize                     = 122027880                              {pd product} {ergonomic}
    uintx ReservedCodeCacheSize                    = 251658240                              {pd product} {ergonomic}
     bool SegmentedCodeCache                       = true                                      {product} {ergonomic}
   size_t SoftMaxHeapSize                          = 67108864                               {manageable} {ergonomic}
     bool UseCompressedClassPointers               = true                           {product lp64_product} {ergonomic}
     bool UseCompressedOops                        = true                           {product lp64_product} {ergonomic}
     bool UseG1GC                                  = true                                      {product} {ergonomic}
     bool UseLargePagesIndividualAllocation        = false                                  {pd product} {ergonomic}

Logging:
Log output configuration:
 #0: stdout all=warning uptime,level,tags
 #1: stderr all=off uptime,level,tags

Environment Variables:
JAVA_HOME=C:\Program Files\Microsoft\jdk-17.0.17.10-hotspot\
PATH=E:\Stylinx\node_modules\.bin;E:\node_modules\.bin;C:\Program Files\nodejs\node_modules\npm\node_modules\@npmcli\run-script\lib\node-gyp-bin;C:\Program Files\Microsoft\jdk-17.0.17.10-hotspot\bin;C:\Python313\Scripts\;C:\Python313\;C:\Program Files\Zulu\zulu-18\bin\;C:\windows\system32;C:\windows;C:\windows\System32\Wbem;C:\windows\System32\WindowsPowerShell\v1.0\;C:\windows\System32\OpenSSH\;C:\Program Files (x86)\NVIDIA Corporation\PhysX\Common;C:\Program Files\NVIDIA Corporation\NVIDIA NvDLISR;C:\WINDOWS\system32;C:\WINDOWS;C:\WINDOWS\System32\Wbem;C:\WINDOWS\System32\WindowsPowerShell\v1.0\;C:\WINDOWS\System32\OpenSSH\;C:\ProgramData\chocolatey\bin;%NVM_HOME%;%NVM_SYMLINK%;C:\Program Files\Git\cmd;C:\Program Files\nodejs\;C:\Users\skulw\AppData\Local\Microsoft\WindowsApps;C:\Users\skulw\AppData\Local\Programs\Microsoft VS Code\bin;C:\Users\skulw\AppData\Local\nvm;C:\nvm4w\nodejs;C:\Users\skulw\AppData\Roaming\npm
USERNAME=skulw
LANG=en_US.UTF-8
OS=Windows_NT
PROCESSOR_IDENTIFIER=Intel64 Family 6 Model 165 Stepping 2, GenuineIntel
TMP=C:\Users\skulw\AppData\Local\Temp
TEMP=C:\Users\skulw\AppData\Local\Temp



Periodic native trim disabled


---------------  S Y S T E M  ---------------

OS:
 Windows 11 , 64 bit Build 26100 (10.0.26100.7019)
OS uptime: 15 days 22:15 hours
Hyper-V role detected

CPU: total 16 (initial active 16) (8 cores per cpu, 2 threads per core) family 6 model 165 stepping 2 microcode 0xf0, cx8, cmov, fxsr, ht, mmx, 3dnowpref, sse, sse2, sse3, ssse3, sse4.1, sse4.2, popcnt, lzcnt, tsc, tscinvbit, avx, avx2, aes, erms, clmul, bmi1, bmi2, adx, fma, vzeroupper, clflush, clflushopt, hv
Processor Information for the first 16 processors :
  Max Mhz: 2208, Current Mhz: 2208, Mhz Limit: 2208

Memory: 4k page, system-wide physical 16159M (2604M free)
TotalPageFile size 17498M (AvailPageFile size 0M)
current process WorkingSet (physical memory assigned to process): 74M, peak: 74M
current process commit charge ("private bytes"): 166M, peak: 166M

vm_info: OpenJDK 64-Bit Server VM (17.0.17+10-LTS) for windows-amd64 JRE (17.0.17+10-LTS), built on Oct 13 2025 22:19:56 by "MicrosoftCorporation" with unknown MS VC++:1944

END.
