#
# There is insufficient memory for the Java Runtime Environment to continue.
# Native memory allocation (mmap) failed to map 65536 bytes. Error detail: Failed to commit metaspace.
# Possible reasons:
#   The system is out of physical RAM or swap space
#   This process is running with CompressedOops enabled, and the Java Heap may be blocking the growth of the native heap
# Possible solutions:
#   Reduce memory load on the system
#   Increase physical memory or swap space
#   Check if swap backing store is full
#   Decrease Java heap size (-Xmx/-Xms)
#   Decrease number of Java threads
#   Decrease Java thread stack sizes (-Xss)
#   Set larger code cache with -XX:ReservedCodeCacheSize=
#   JVM is running with Unscaled Compressed Oops mode in which the Java heap is
#     placed in the first 4GB address space. The Java Heap base address is the
#     maximum limit for the native heap growth. Please use -XX:HeapBaseMinAddress
#     to set the Java Heap base and to place the Java Heap above 4GB virtual address.
# This output file may be truncated or incomplete.
#
#  Out of Memory Error (virtualSpaceNode.cpp:110), pid=34200, tid=34820
#
# JRE version: OpenJDK Runtime Environment Microsoft-12574423 (17.0.17+10) (build 17.0.17+10-LTS)
# Java VM: OpenJDK 64-Bit Server VM Microsoft-12574423 (17.0.17+10-LTS, mixed mode, sharing, tiered, compressed oops, compressed class ptrs, g1 gc, windows-amd64)
# No core dump will be written. Minidumps are not enabled by default on client versions of Windows
#

---------------  S U M M A R Y ------------

Command Line: -Xmx64m -Xms64m -Dorg.gradle.appname=gradlew E:\Stylinx\android\\gradle\wrapper\gradle-wrapper.jar app:installDebug -PreactNativeDevServerPort=8081

Host: Intel(R) Core(TM) i7-10870H CPU @ 2.20GHz, 16 cores, 15G,  Windows 11 , 64 bit Build 26100 (10.0.26100.7019)
Time: Sat Dec  6 20:55:18 2025 India Standard Time elapsed time: 0.084047 seconds (0d 0h 0m 0s)

---------------  T H R E A D  ---------------

Current thread (0x00000217f3addfd0):  JavaThread "main" [_thread_in_vm, id=34820, stack(0x0000006fcb200000,0x0000006fcb300000)]

Stack: [0x0000006fcb200000,0x0000006fcb300000]
Native frames: (J=compiled Java code, j=interpreted, Vv=VM code, C=native code)
V  [jvm.dll+0x68c459]  (no source info available)
V  [jvm.dll+0x845e09]  (no source info available)
V  [jvm.dll+0x847b78]  (no source info available)
V  [jvm.dll+0x848203]  (no source info available)
V  [jvm.dll+0x24cf6f]  (no source info available)
V  [jvm.dll+0x841be7]  (no source info available)
V  [jvm.dll+0x632cbb]  (no source info available)
V  [jvm.dll+0x632d2a]  (no source info available)
V  [jvm.dll+0x635573]  (no source info available)
V  [jvm.dll+0x633676]  (no source info available)
V  [jvm.dll+0x1eec34]  (no source info available)
V  [jvm.dll+0x1ef65c]  (no source info available)
V  [jvm.dll+0x1e4f61]  (no source info available)
V  [jvm.dll+0x551b19]  (no source info available)
V  [jvm.dll+0x1f59de]  (no source info available)
V  [jvm.dll+0x7bee33]  (no source info available)
V  [jvm.dll+0x7c028d]  (no source info available)
V  [jvm.dll+0x7c05c8]  (no source info available)
V  [jvm.dll+0x41cb79]  (no source info available)
V  [jvm.dll+0x4254cb]  (no source info available)
C  [java.dll+0x13f9]  (no source info available)

Java frames: (J=compiled Java code, j=interpreted, Vv=VM code)
j  java.lang.Class.forName0(Ljava/lang/String;ZLjava/lang/ClassLoader;Ljava/lang/Class;)Ljava/lang/Class;+0 java.base@17.0.17
j  java.lang.Class.forName(Ljava/lang/String;)Ljava/lang/Class;+11 java.base@17.0.17
j  java.security.Provider$Service.getImplClass()Ljava/lang/Class;+64 java.base@17.0.17
j  java.security.Provider$Service.getDefaultConstructor()Ljava/lang/reflect/Constructor;+46 java.base@17.0.17
j  java.security.Provider$Service.newInstanceOf()Ljava/lang/Object;+1 java.base@17.0.17
j  java.security.Provider$Service.newInstanceUtil(Ljava/lang/Class;Ljava/lang/Object;)Ljava/lang/Object;+5 java.base@17.0.17
j  java.security.Provider$Service.newInstance(Ljava/lang/Object;)Ljava/lang/Object;+216 java.base@17.0.17
j  sun.security.jca.GetInstance.getInstance(Ljava/security/Provider$Service;Ljava/lang/Class;)Lsun/security/jca/GetInstance$Instance;+2 java.base@17.0.17
j  sun.security.jca.GetInstance.getInstance(Ljava/lang/String;Ljava/lang/Class;Ljava/lang/String;)Lsun/security/jca/GetInstance$Instance;+56 java.base@17.0.17
j  java.security.MessageDigest.getInstance(Ljava/lang/String;)Ljava/security/MessageDigest;+12 java.base@17.0.17
j  org.gradle.wrapper.GradleWrapperMain.main([Ljava/lang/String;)V+1202
v  ~StubRoutines::call_stub

---------------  P R O C E S S  ---------------

Threads class SMR info:
_java_thread_list=0x00000217ff5321d0, length=13, elements={
0x00000217f3addfd0, 0x00000217ff3890f0, 0x00000217ff38c630, 0x00000217ff3a0350,
0x00000217ff3a0d10, 0x00000217ff3a2240, 0x00000217ff3a3770, 0x00000217ff3aa4e0,
0x00000217ff3b45d0, 0x00000217ff3b77c0, 0x00000217ff4700b0, 0x00000217ff5546c0,
0x00000217ff55ae70
}

Java Threads: ( => current thread )
=>0x00000217f3addfd0 JavaThread "main" [_thread_in_vm, id=34820, stack(0x0000006fcb200000,0x0000006fcb300000)]
  0x00000217ff3890f0 JavaThread "Reference Handler" daemon [_thread_blocked, id=3724, stack(0x0000006fcb900000,0x0000006fcba00000)]
  0x00000217ff38c630 JavaThread "Finalizer" daemon [_thread_blocked, id=8368, stack(0x0000006fcba00000,0x0000006fcbb00000)]
  0x00000217ff3a0350 JavaThread "Signal Dispatcher" daemon [_thread_blocked, id=12692, stack(0x0000006fcbb00000,0x0000006fcbc00000)]
  0x00000217ff3a0d10 JavaThread "Attach Listener" daemon [_thread_blocked, id=22448, stack(0x0000006fcbc00000,0x0000006fcbd00000)]
  0x00000217ff3a2240 JavaThread "Service Thread" daemon [_thread_blocked, id=30856, stack(0x0000006fcbd00000,0x0000006fcbe00000)]
  0x00000217ff3a3770 JavaThread "Monitor Deflation Thread" daemon [_thread_blocked, id=2016, stack(0x0000006fcbe00000,0x0000006fcbf00000)]
  0x00000217ff3aa4e0 JavaThread "C2 CompilerThread0" daemon [_thread_blocked, id=28560, stack(0x0000006fcbf00000,0x0000006fcc000000)]
  0x00000217ff3b45d0 JavaThread "C1 CompilerThread0" daemon [_thread_blocked, id=11216, stack(0x0000006fcc000000,0x0000006fcc100000)]
  0x00000217ff3b77c0 JavaThread "Sweeper thread" daemon [_thread_blocked, id=36492, stack(0x0000006fcc100000,0x0000006fcc200000)]
  0x00000217ff4700b0 JavaThread "C1 CompilerThread1" daemon [_thread_in_vm, id=15964, stack(0x0000006fcc200000,0x0000006fcc300000)]
  0x00000217ff5546c0 JavaThread "Notification Thread" daemon [_thread_blocked, id=19940, stack(0x0000006fcc300000,0x0000006fcc400000)]
  0x00000217ff55ae70 JavaThread "Common-Cleaner" daemon [_thread_blocked, id=18100, stack(0x0000006fcc500000,0x0000006fcc600000)]

Other Threads:
  0x00000217ff381120 VMThread "VM Thread" [stack: 0x0000006fcb800000,0x0000006fcb900000] [id=19700]
  0x00000217ff556bb0 WatcherThread [stack: 0x0000006fcc400000,0x0000006fcc500000] [id=16776]
  0x00000217f5eb00e0 GCTaskThread "GC Thread#0" [stack: 0x0000006fcb300000,0x0000006fcb400000] [id=36668]
  0x00000217f5eb1840 ConcurrentGCThread "G1 Main Marker" [stack: 0x0000006fcb400000,0x0000006fcb500000] [id=9328]
  0x00000217f5eb4650 ConcurrentGCThread "G1 Conc#0" [stack: 0x0000006fcb500000,0x0000006fcb600000] [id=1944]
  0x00000217f5f2ffc0 ConcurrentGCThread "G1 Refine#0" [stack: 0x0000006fcb600000,0x0000006fcb700000] [id=36076]
  0x00000217f5f307a0 ConcurrentGCThread "G1 Service" [stack: 0x0000006fcb700000,0x0000006fcb800000] [id=34640]

Threads with active compile tasks:
C1 CompilerThread0  110  175       3       java.util.AbstractMap::<init> (5 bytes)
C1 CompilerThread1  110  184       3       java.lang.AbstractStringBuilder::newCapacity (59 bytes)

VM state: not at safepoint (normal execution)

VM Mutex/Monitor currently owned by a thread:  ([mutex/lock_event])
[0x00000217f3adbb90] Metaspace_lock - owner thread: 0x00000217f3addfd0
[0x00000217f3add4e0] MethodData_lock - owner thread: 0x00000217ff4700b0

Heap address: 0x00000000fc000000, size: 64 MB, Compressed Oops mode: 32-bit

CDS archive(s) mapped at: [0x0000021791000000-0x0000021791bb0000-0x0000021791bb0000), size 12255232, SharedBaseAddress: 0x0000021791000000, ArchiveRelocationMode: 1.
Compressed class space mapped at: 0x0000021792000000-0x00000217d2000000, reserved size: 1073741824
Narrow klass base: 0x0000021791000000, Narrow klass shift: 0, Narrow klass range: 0x100000000

GC Precious Log:
 CPUs: 16 total, 16 available
 Memory: 16159M
 Large Page Support: Disabled
 NUMA Support: Disabled
 Compressed Oops: Enabled (32-bit)
 Heap Region Size: 1M
 Heap Min Capacity: 64M
 Heap Initial Capacity: 64M
 Heap Max Capacity: 64M
 Pre-touch: Disabled
 Parallel Workers: 13
 Concurrent Workers: 3
 Concurrent Refinement Workers: 13
 Periodic GC: Disabled

Heap:
 garbage-first heap   total 65536K, used 2048K [0x00000000fc000000, 0x0000000100000000)
  region size 1024K, 3 young (3072K), 0 survivors (0K)
 Metaspace       used 717K, committed 832K, reserved 1114112K
  class space    used 70K, committed 128K, reserved 1048576K

Heap Regions: E=young(eden), S=young(survivor), O=old, HS=humongous(starts), HC=humongous(continues), CS=collection set, F=free, OA=open archive, CA=closed archive, TAMS=top-at-mark-start (previous, next)
|   0|0x00000000fc000000, 0x00000000fc000000, 0x00000000fc100000|  0%| F|  |TAMS 0x00000000fc000000, 0x00000000fc000000| Untracked 
|   1|0x00000000fc100000, 0x00000000fc100000, 0x00000000fc200000|  0%| F|  |TAMS 0x00000000fc100000, 0x00000000fc100000| Untracked 
|   2|0x00000000fc200000, 0x00000000fc200000, 0x00000000fc300000|  0%| F|  |TAMS 0x00000000fc200000, 0x00000000fc200000| Untracked 
|   3|0x00000000fc300000, 0x00000000fc300000, 0x00000000fc400000|  0%| F|  |TAMS 0x00000000fc300000, 0x00000000fc300000| Untracked 
|   4|0x00000000fc400000, 0x00000000fc400000, 0x00000000fc500000|  0%| F|  |TAMS 0x00000000fc400000, 0x00000000fc400000| Untracked 
|   5|0x00000000fc500000, 0x00000000fc500000, 0x00000000fc600000|  0%| F|  |TAMS 0x00000000fc500000, 0x00000000fc500000| Untracked 
|   6|0x00000000fc600000, 0x00000000fc600000, 0x00000000fc700000|  0%| F|  |TAMS 0x00000000fc600000, 0x00000000fc600000| Untracked 
|   7|0x00000000fc700000, 0x00000000fc700000, 0x00000000fc800000|  0%| F|  |TAMS 0x00000000fc700000, 0x00000000fc700000| Untracked 
|   8|0x00000000fc800000, 0x00000000fc800000, 0x00000000fc900000|  0%| F|  |TAMS 0x00000000fc800000, 0x00000000fc800000| Untracked 
|   9|0x00000000fc900000, 0x00000000fc900000, 0x00000000fca00000|  0%| F|  |TAMS 0x00000000fc900000, 0x00000000fc900000| Untracked 
|  10|0x00000000fca00000, 0x00000000fca00000, 0x00000000fcb00000|  0%| F|  |TAMS 0x00000000fca00000, 0x00000000fca00000| Untracked 
|  11|0x00000000fcb00000, 0x00000000fcb00000, 0x00000000fcc00000|  0%| F|  |TAMS 0x00000000fcb00000, 0x00000000fcb00000| Untracked 
|  12|0x00000000fcc00000, 0x00000000fcc00000, 0x00000000fcd00000|  0%| F|  |TAMS 0x00000000fcc00000, 0x00000000fcc00000| Untracked 
|  13|0x00000000fcd00000, 0x00000000fcd00000, 0x00000000fce00000|  0%| F|  |TAMS 0x00000000fcd00000, 0x00000000fcd00000| Untracked 
|  14|0x00000000fce00000, 0x00000000fce00000, 0x00000000fcf00000|  0%| F|  |TAMS 0x00000000fce00000, 0x00000000fce00000| Untracked 
|  15|0x00000000fcf00000, 0x00000000fcf00000, 0x00000000fd000000|  0%| F|  |TAMS 0x00000000fcf00000, 0x00000000fcf00000| Untracked 
|  16|0x00000000fd000000, 0x00000000fd000000, 0x00000000fd100000|  0%| F|  |TAMS 0x00000000fd000000, 0x00000000fd000000| Untracked 
|  17|0x00000000fd100000, 0x00000000fd100000, 0x00000000fd200000|  0%| F|  |TAMS 0x00000000fd100000, 0x00000000fd100000| Untracked 
|  18|0x00000000fd200000, 0x00000000fd200000, 0x00000000fd300000|  0%| F|  |TAMS 0x00000000fd200000, 0x00000000fd200000| Untracked 
|  19|0x00000000fd300000, 0x00000000fd300000, 0x00000000fd400000|  0%| F|  |TAMS 0x00000000fd300000, 0x00000000fd300000| Untracked 
|  20|0x00000000fd400000, 0x00000000fd400000, 0x00000000fd500000|  0%| F|  |TAMS 0x00000000fd400000, 0x00000000fd400000| Untracked 
|  21|0x00000000fd500000, 0x00000000fd500000, 0x00000000fd600000|  0%| F|  |TAMS 0x00000000fd500000, 0x00000000fd500000| Untracked 
|  22|0x00000000fd600000, 0x00000000fd600000, 0x00000000fd700000|  0%| F|  |TAMS 0x00000000fd600000, 0x00000000fd600000| Untracked 
|  23|0x00000000fd700000, 0x00000000fd700000, 0x00000000fd800000|  0%| F|  |TAMS 0x00000000fd700000, 0x00000000fd700000| Untracked 
|  24|0x00000000fd800000, 0x00000000fd800000, 0x00000000fd900000|  0%| F|  |TAMS 0x00000000fd800000, 0x00000000fd800000| Untracked 
|  25|0x00000000fd900000, 0x00000000fd900000, 0x00000000fda00000|  0%| F|  |TAMS 0x00000000fd900000, 0x00000000fd900000| Untracked 
|  26|0x00000000fda00000, 0x00000000fda00000, 0x00000000fdb00000|  0%| F|  |TAMS 0x00000000fda00000, 0x00000000fda00000| Untracked 
|  27|0x00000000fdb00000, 0x00000000fdb00000, 0x00000000fdc00000|  0%| F|  |TAMS 0x00000000fdb00000, 0x00000000fdb00000| Untracked 
|  28|0x00000000fdc00000, 0x00000000fdc00000, 0x00000000fdd00000|  0%| F|  |TAMS 0x00000000fdc00000, 0x00000000fdc00000| Untracked 
|  29|0x00000000fdd00000, 0x00000000fdd00000, 0x00000000fde00000|  0%| F|  |TAMS 0x00000000fdd00000, 0x00000000fdd00000| Untracked 
|  30|0x00000000fde00000, 0x00000000fde00000, 0x00000000fdf00000|  0%| F|  |TAMS 0x00000000fde00000, 0x00000000fde00000| Untracked 
|  31|0x00000000fdf00000, 0x00000000fdf00000, 0x00000000fe000000|  0%| F|  |TAMS 0x00000000fdf00000, 0x00000000fdf00000| Untracked 
|  32|0x00000000fe000000, 0x00000000fe000000, 0x00000000fe100000|  0%| F|  |TAMS 0x00000000fe000000, 0x00000000fe000000| Untracked 
|  33|0x00000000fe100000, 0x00000000fe100000, 0x00000000fe200000|  0%| F|  |TAMS 0x00000000fe100000, 0x00000000fe100000| Untracked 
|  34|0x00000000fe200000, 0x00000000fe200000, 0x00000000fe300000|  0%| F|  |TAMS 0x00000000fe200000, 0x00000000fe200000| Untracked 
|  35|0x00000000fe300000, 0x00000000fe300000, 0x00000000fe400000|  0%| F|  |TAMS 0x00000000fe300000, 0x00000000fe300000| Untracked 
|  36|0x00000000fe400000, 0x00000000fe400000, 0x00000000fe500000|  0%| F|  |TAMS 0x00000000fe400000, 0x00000000fe400000| Untracked 
|  37|0x00000000fe500000, 0x00000000fe500000, 0x00000000fe600000|  0%| F|  |TAMS 0x00000000fe500000, 0x00000000fe500000| Untracked 
|  38|0x00000000fe600000, 0x00000000fe600000, 0x00000000fe700000|  0%| F|  |TAMS 0x00000000fe600000, 0x00000000fe600000| Untracked 
|  39|0x00000000fe700000, 0x00000000fe700000, 0x00000000fe800000|  0%| F|  |TAMS 0x00000000fe700000, 0x00000000fe700000| Untracked 
|  40|0x00000000fe800000, 0x00000000fe800000, 0x00000000fe900000|  0%| F|  |TAMS 0x00000000fe800000, 0x00000000fe800000| Untracked 
|  41|0x00000000fe900000, 0x00000000fe900000, 0x00000000fea00000|  0%| F|  |TAMS 0x00000000fe900000, 0x00000000fe900000| Untracked 
|  42|0x00000000fea00000, 0x00000000fea00000, 0x00000000feb00000|  0%| F|  |TAMS 0x00000000fea00000, 0x00000000fea00000| Untracked 
|  43|0x00000000feb00000, 0x00000000feb00000, 0x00000000fec00000|  0%| F|  |TAMS 0x00000000feb00000, 0x00000000feb00000| Untracked 
|  44|0x00000000fec00000, 0x00000000fec00000, 0x00000000fed00000|  0%| F|  |TAMS 0x00000000fec00000, 0x00000000fec00000| Untracked 
|  45|0x00000000fed00000, 0x00000000fed00000, 0x00000000fee00000|  0%| F|  |TAMS 0x00000000fed00000, 0x00000000fed00000| Untracked 
|  46|0x00000000fee00000, 0x00000000fee00000, 0x00000000fef00000|  0%| F|  |TAMS 0x00000000fee00000, 0x00000000fee00000| Untracked 
|  47|0x00000000fef00000, 0x00000000fef00000, 0x00000000ff000000|  0%| F|  |TAMS 0x00000000fef00000, 0x00000000fef00000| Untracked 
|  48|0x00000000ff000000, 0x00000000ff000000, 0x00000000ff100000|  0%| F|  |TAMS 0x00000000ff000000, 0x00000000ff000000| Untracked 
|  49|0x00000000ff100000, 0x00000000ff100000, 0x00000000ff200000|  0%| F|  |TAMS 0x00000000ff100000, 0x00000000ff100000| Untracked 
|  50|0x00000000ff200000, 0x00000000ff200000, 0x00000000ff300000|  0%| F|  |TAMS 0x00000000ff200000, 0x00000000ff200000| Untracked 
|  51|0x00000000ff300000, 0x00000000ff300000, 0x00000000ff400000|  0%| F|  |TAMS 0x00000000ff300000, 0x00000000ff300000| Untracked 
|  52|0x00000000ff400000, 0x00000000ff400000, 0x00000000ff500000|  0%| F|  |TAMS 0x00000000ff400000, 0x00000000ff400000| Untracked 
|  53|0x00000000ff500000, 0x00000000ff500000, 0x00000000ff600000|  0%| F|  |TAMS 0x00000000ff500000, 0x00000000ff500000| Untracked 
|  54|0x00000000ff600000, 0x00000000ff600000, 0x00000000ff700000|  0%| F|  |TAMS 0x00000000ff600000, 0x00000000ff600000| Untracked 
|  55|0x00000000ff700000, 0x00000000ff700000, 0x00000000ff800000|  0%| F|  |TAMS 0x00000000ff700000, 0x00000000ff700000| Untracked 
|  56|0x00000000ff800000, 0x00000000ff800000, 0x00000000ff900000|  0%| F|  |TAMS 0x00000000ff800000, 0x00000000ff800000| Untracked 
|  57|0x00000000ff900000, 0x00000000ff900000, 0x00000000ffa00000|  0%| F|  |TAMS 0x00000000ff900000, 0x00000000ff900000| Untracked 
|  58|0x00000000ffa00000, 0x00000000ffa00000, 0x00000000ffb00000|  0%| F|  |TAMS 0x00000000ffa00000, 0x00000000ffa00000| Untracked 
|  59|0x00000000ffb00000, 0x00000000ffb00000, 0x00000000ffc00000|  0%| F|  |TAMS 0x00000000ffb00000, 0x00000000ffb00000| Untracked 
|  60|0x00000000ffc00000, 0x00000000ffc00000, 0x00000000ffd00000|  0%| F|  |TAMS 0x00000000ffc00000, 0x00000000ffc00000| Untracked 
|  61|0x00000000ffd00000, 0x00000000ffd76980, 0x00000000ffe00000| 46%| E|  |TAMS 0x00000000ffd00000, 0x00000000ffd00000| Complete 
|  62|0x00000000ffe00000, 0x00000000fff00000, 0x00000000fff00000|100%| E|CS|TAMS 0x00000000ffe00000, 0x00000000ffe00000| Complete 
|  63|0x00000000fff00000, 0x0000000100000000, 0x0000000100000000|100%| E|CS|TAMS 0x00000000fff00000, 0x00000000fff00000| Complete 

Card table byte_map: [0x00000217f3c60000,0x00000217f3c80000] _byte_map_base: 0x00000217f3480000

Marking Bits (Prev, Next): (CMBitMap*) 0x00000217f5eb0710, (CMBitMap*) 0x00000217f5eb0750
 Prev Bits: [0x00000217fe280000, 0x00000217fe380000)
 Next Bits: [0x00000217fe380000, 0x00000217fe480000)

Polling page: 0x00000217f39c0000

Metaspace:

Usage:
  Non-class:    647.12 KB used.
      Class:     70.40 KB used.
       Both:    717.52 KB used.

Virtual space:
  Non-class space:       64.00 MB reserved,     704.00 KB (  1%) committed,  1 nodes.
      Class space:        1.00 GB reserved,     128.00 KB ( <1%) committed,  1 nodes.
             Both:        1.06 GB reserved,     832.00 KB ( <1%) committed. 

Chunk freelists:
   Non-Class:  11.92 MB
       Class:  15.73 MB
        Both:  27.66 MB

MaxMetaspaceSize: unlimited
CompressedClassSpaceSize: 1.00 GB
Initial GC threshold: 21.00 MB
Current GC threshold: 21.00 MB
CDS: on
MetaspaceReclaimPolicy: balanced
 - commit_granule_bytes: 65536.
 - commit_granule_words: 8192.
 - virtual_space_node_default_size: 8388608.
 - enlarge_chunks_in_place: 1.
 - new_chunks_are_fully_committed: 0.
 - uncommit_free_chunks: 1.
 - use_allocation_guard: 0.
 - handle_deallocations: 1.


Internal statistics:

num_allocs_failed_limit: 0.
num_arena_births: 6.
num_arena_deaths: 0.
num_vsnodes_births: 2.
num_vsnodes_deaths: 0.
num_space_committed: 13.
num_space_uncommitted: 0.
num_chunks_returned_to_freelist: 0.
num_chunks_taken_from_freelist: 16.
num_chunk_merges: 0.
num_chunk_splits: 9.
num_chunks_enlarged: 5.
num_inconsistent_stats: 0.

CodeHeap 'non-profiled nmethods': size=119168Kb used=53Kb max_used=53Kb free=119114Kb
 bounds [0x0000021787ba0000, 0x0000021787e10000, 0x000002178f000000]
CodeHeap 'profiled nmethods': size=119104Kb used=243Kb max_used=243Kb free=118860Kb
 bounds [0x0000021780000000, 0x0000021780270000, 0x0000021787450000]
CodeHeap 'non-nmethods': size=7488Kb used=1663Kb max_used=1677Kb free=5824Kb
 bounds [0x0000021787450000, 0x00000217876c0000, 0x0000021787ba0000]
 total_blobs=558 nmethods=183 adapters=287
 compilation: enabled
              stopped_count=0, restarted_count=0
 full_count=0

Compilation events (20 events):
Event: 0.079 Thread 0x00000217ff3aa4e0 nmethod 164 0x0000021787babe10 code [0x0000021787babf80, 0x0000021787bac0d8]
Event: 0.079 Thread 0x00000217ff3aa4e0  167       4       jdk.internal.misc.Unsafe::putReferenceRelease (9 bytes)
Event: 0.079 Thread 0x00000217ff4700b0  169       3       java.lang.String::toUpperCase (29 bytes)
Event: 0.079 Thread 0x00000217ff3b45d0  170       3       java.util.Objects::nonNull (10 bytes)
Event: 0.080 Thread 0x00000217ff3b45d0 nmethod 170 0x0000021780032d10 code [0x0000021780032ea0, 0x0000021780032fd8]
Event: 0.080 Thread 0x00000217ff3b45d0  171       3       sun.security.util.KnownOIDs::register (349 bytes)
Event: 0.080 Thread 0x00000217ff4700b0 nmethod 169 0x0000021780033090 code [0x0000021780033260, 0x0000021780033518]
Event: 0.080 Thread 0x00000217ff4700b0  173       3       java.lang.AbstractStringBuilder::<init> (39 bytes)
Event: 0.080 Thread 0x00000217ff4700b0 nmethod 173 0x0000021780033610 code [0x00000217800337c0, 0x0000021780033a58]
Event: 0.080 Thread 0x00000217ff4700b0  179       3       java.util.HashMap::get (19 bytes)
Event: 0.080 Thread 0x00000217ff4700b0 nmethod 179 0x0000021780033b10 code [0x0000021780033cc0, 0x0000021780033e88]
Event: 0.080 Thread 0x00000217ff4700b0  174       3       java.util.HashMap::resize (356 bytes)
Event: 0.081 Thread 0x00000217ff3aa4e0 nmethod 167 0x0000021787bac690 code [0x0000021787bac800, 0x0000021787bac958]
Event: 0.081 Thread 0x00000217ff3aa4e0  177       4       java.lang.String::isLatin1 (19 bytes)
Event: 0.081 Thread 0x00000217ff4700b0 nmethod 174 0x0000021780033f90 code [0x0000021780034240, 0x00000217800356a8]
Event: 0.081 Thread 0x00000217ff4700b0  182       3       java.util.HashMap$HashIterator::nextNode (100 bytes)
Event: 0.081 Thread 0x00000217ff3aa4e0 nmethod 177 0x0000021787bacf10 code [0x0000021787bad080, 0x0000021787bad118]
Event: 0.081 Thread 0x00000217ff3aa4e0  172       4       java.util.concurrent.ConcurrentHashMap::tabAt (22 bytes)
Event: 0.082 Thread 0x00000217ff4700b0 nmethod 182 0x0000021780035b10 code [0x0000021780035d00, 0x0000021780036218]
Event: 0.082 Thread 0x00000217ff4700b0  183       3       java.util.Arrays::copyOf (19 bytes)

GC Heap History (0 events):
No events

Dll operation events (5 events):
Event: 0.008 Loaded shared library C:\Program Files\Microsoft\jdk-17.0.17.10-hotspot\bin\java.dll
Event: 0.023 Loaded shared library C:\Program Files\Microsoft\jdk-17.0.17.10-hotspot\bin\jsvml.dll
Event: 0.045 Loaded shared library C:\Program Files\Microsoft\jdk-17.0.17.10-hotspot\bin\net.dll
Event: 0.047 Loaded shared library C:\Program Files\Microsoft\jdk-17.0.17.10-hotspot\bin\nio.dll
Event: 0.050 Loaded shared library C:\Program Files\Microsoft\jdk-17.0.17.10-hotspot\bin\zip.dll

Deoptimization events (0 events):
No events

Classes loaded (20 events):
Event: 0.078 Loading class sun/security/util/KnownOIDs$5 done
Event: 0.078 Loading class sun/security/util/KnownOIDs$6
Event: 0.078 Loading class sun/security/util/KnownOIDs$6 done
Event: 0.078 Loading class sun/security/util/KnownOIDs$7
Event: 0.078 Loading class sun/security/util/KnownOIDs$7 done
Event: 0.078 Loading class sun/security/util/KnownOIDs$8
Event: 0.078 Loading class sun/security/util/KnownOIDs$8 done
Event: 0.078 Loading class sun/security/util/KnownOIDs$9
Event: 0.078 Loading class sun/security/util/KnownOIDs$9 done
Event: 0.078 Loading class sun/security/util/KnownOIDs$10
Event: 0.078 Loading class sun/security/util/KnownOIDs$10 done
Event: 0.080 Loading class java/util/LinkedHashMap$LinkedKeySet
Event: 0.080 Loading class java/util/LinkedHashMap$LinkedKeySet done
Event: 0.080 Loading class java/util/LinkedHashMap$LinkedKeyIterator
Event: 0.081 Loading class java/util/LinkedHashMap$LinkedKeyIterator done
Event: 0.082 Loading class jdk/internal/event/SecurityProviderServiceEvent
Event: 0.082 Loading class jdk/internal/event/Event
Event: 0.082 Loading class jdk/internal/event/Event done
Event: 0.082 Loading class jdk/internal/event/SecurityProviderServiceEvent done
Event: 0.082 Loading class sun/security/provider/MD5

Classes unloaded (0 events):
No events

Classes redefined (0 events):
No events

Internal exceptions (0 events):
No events

VM Operations (2 events):
Event: 0.051 Executing VM operation: HandshakeAllThreads
Event: 0.051 Executing VM operation: HandshakeAllThreads done

Memory protections (0 events):
No events

Nmethod flushes (0 events):
No events

Events (13 events):
Event: 0.023 Thread 0x00000217f3addfd0 Thread added: 0x00000217f3addfd0
Event: 0.025 Thread 0x00000217f3addfd0 Thread added: 0x00000217ff3890f0
Event: 0.025 Thread 0x00000217f3addfd0 Thread added: 0x00000217ff38c630
Event: 0.033 Thread 0x00000217f3addfd0 Thread added: 0x00000217ff3a0350
Event: 0.033 Thread 0x00000217f3addfd0 Thread added: 0x00000217ff3a0d10
Event: 0.033 Thread 0x00000217f3addfd0 Thread added: 0x00000217ff3a2240
Event: 0.033 Thread 0x00000217f3addfd0 Thread added: 0x00000217ff3a3770
Event: 0.033 Thread 0x00000217f3addfd0 Thread added: 0x00000217ff3aa4e0
Event: 0.033 Thread 0x00000217f3addfd0 Thread added: 0x00000217ff3b45d0
Event: 0.033 Thread 0x00000217f3addfd0 Thread added: 0x00000217ff3b77c0
Event: 0.036 Thread 0x00000217ff3b45d0 Thread added: 0x00000217ff4700b0
Event: 0.042 Thread 0x00000217f3addfd0 Thread added: 0x00000217ff5546c0
Event: 0.043 Thread 0x00000217f3addfd0 Thread added: 0x00000217ff55ae70


Dynamic libraries:
0x00007ff625310000 - 0x00007ff62531e000 	C:\Program Files\Microsoft\jdk-17.0.17.10-hotspot\bin\java.exe
0x00007ffff9620000 - 0x00007ffff9888000 	C:\WINDOWS\SYSTEM32\ntdll.dll
0x00007fffdc460000 - 0x00007fffdc480000 	C:\Program Files\Avast Software\Avast\aswhook.dll
0x00007ffff85e0000 - 0x00007ffff86a9000 	C:\WINDOWS\System32\KERNEL32.DLL
0x00007ffff6d90000 - 0x00007ffff7188000 	C:\WINDOWS\System32\KERNELBASE.dll
0x00007ffff6800000 - 0x00007ffff694b000 	C:\WINDOWS\System32\ucrtbase.dll
0x00007fffb3330000 - 0x00007fffb3348000 	C:\Program Files\Microsoft\jdk-17.0.17.10-hotspot\bin\jli.dll
0x00007fffb1c80000 - 0x00007fffb1c9e000 	C:\Program Files\Microsoft\jdk-17.0.17.10-hotspot\bin\VCRUNTIME140.dll
0x00007ffff8f00000 - 0x00007ffff90c7000 	C:\WINDOWS\System32\USER32.dll
0x00007ffff6a00000 - 0x00007ffff6a27000 	C:\WINDOWS\System32\win32u.dll
0x00007fffc8730000 - 0x00007fffc89c4000 	C:\WINDOWS\WinSxS\amd64_microsoft.windows.common-controls_6595b64144ccf1df_6.0.26100.7019_none_3e06ffa0e335b8a8\COMCTL32.dll
0x00007ffff76d0000 - 0x00007ffff76fb000 	C:\WINDOWS\System32\GDI32.dll
0x00007ffff9490000 - 0x00007ffff9539000 	C:\WINDOWS\System32\msvcrt.dll
0x00007ffff6ba0000 - 0x00007ffff6ccc000 	C:\WINDOWS\System32\gdi32full.dll
0x00007ffff6950000 - 0x00007ffff69f3000 	C:\WINDOWS\System32\msvcp_win.dll
0x00007ffff8550000 - 0x00007ffff8581000 	C:\WINDOWS\System32\IMM32.DLL
0x00007fffd8140000 - 0x00007fffd814c000 	C:\Program Files\Microsoft\jdk-17.0.17.10-hotspot\bin\vcruntime140_1.dll
0x00007fff94c50000 - 0x00007fff94cd9000 	C:\Program Files\Microsoft\jdk-17.0.17.10-hotspot\bin\msvcp140.dll
0x00007fff4c650000 - 0x00007fff4d2ca000 	C:\Program Files\Microsoft\jdk-17.0.17.10-hotspot\bin\server\jvm.dll
0x00007ffff7610000 - 0x00007ffff76c4000 	C:\WINDOWS\System32\ADVAPI32.dll
0x00007ffff86e0000 - 0x00007ffff8786000 	C:\WINDOWS\System32\sechost.dll
0x00007ffff8430000 - 0x00007ffff8548000 	C:\WINDOWS\System32\RPCRT4.dll
0x00007ffff8e80000 - 0x00007ffff8ef4000 	C:\WINDOWS\System32\WS2_32.dll
0x00007ffff65d0000 - 0x00007ffff662e000 	C:\WINDOWS\SYSTEM32\POWRPROF.dll
0x00007fffe2bd0000 - 0x00007fffe2c05000 	C:\WINDOWS\SYSTEM32\WINMM.dll
0x00007ffff0740000 - 0x00007ffff074b000 	C:\WINDOWS\SYSTEM32\VERSION.dll
0x00007ffff65b0000 - 0x00007ffff65c4000 	C:\WINDOWS\SYSTEM32\UMPDC.dll
0x00007ffff5500000 - 0x00007ffff551b000 	C:\WINDOWS\SYSTEM32\kernel.appcore.dll
0x00007fffb5bc0000 - 0x00007fffb5bca000 	C:\Program Files\Microsoft\jdk-17.0.17.10-hotspot\bin\jimage.dll
0x00007ffff3dd0000 - 0x00007ffff4012000 	C:\WINDOWS\SYSTEM32\DBGHELP.DLL
0x00007ffff7f20000 - 0x00007ffff82ab000 	C:\WINDOWS\System32\combase.dll
0x00007ffff9240000 - 0x00007ffff9317000 	C:\WINDOWS\System32\OLEAUT32.dll
0x00007fffe8170000 - 0x00007fffe81ac000 	C:\WINDOWS\SYSTEM32\dbgcore.DLL
0x00007ffff7310000 - 0x00007ffff73b5000 	C:\WINDOWS\System32\bcryptPrimitives.dll
0x00007fff9b860000 - 0x00007fff9b886000 	C:\Program Files\Microsoft\jdk-17.0.17.10-hotspot\bin\java.dll
0x00007fff8af40000 - 0x00007fff8b016000 	C:\Program Files\Microsoft\jdk-17.0.17.10-hotspot\bin\jsvml.dll
0x00007ffff7700000 - 0x00007ffff7e4f000 	C:\WINDOWS\System32\SHELL32.dll
0x00007ffff6a30000 - 0x00007ffff6b9b000 	C:\WINDOWS\System32\wintypes.dll
0x00007ffff4370000 - 0x00007ffff4bcd000 	C:\WINDOWS\SYSTEM32\windows.storage.dll
0x00007ffff8330000 - 0x00007ffff8422000 	C:\WINDOWS\System32\SHCORE.dll
0x00007ffff9420000 - 0x00007ffff9487000 	C:\WINDOWS\System32\shlwapi.dll
0x00007ffff6690000 - 0x00007ffff66b9000 	C:\WINDOWS\SYSTEM32\profapi.dll
0x00007fffb1c60000 - 0x00007fffb1c7b000 	C:\Program Files\Microsoft\jdk-17.0.17.10-hotspot\bin\net.dll
0x00007fffef640000 - 0x00007fffef768000 	C:\WINDOWS\SYSTEM32\WINHTTP.dll
0x00007ffff5aa0000 - 0x00007ffff5b0b000 	C:\WINDOWS\system32\mswsock.dll
0x00007fffb1c40000 - 0x00007fffb1c56000 	C:\Program Files\Microsoft\jdk-17.0.17.10-hotspot\bin\nio.dll
0x00007fffb1c20000 - 0x00007fffb1c38000 	C:\Program Files\Microsoft\jdk-17.0.17.10-hotspot\bin\zip.dll

dbghelp: loaded successfully - version: 4.0.5 - missing functions: none
symbol engine: initialized successfully - sym options: 0x614 - pdb path: .;C:\Program Files\Microsoft\jdk-17.0.17.10-hotspot\bin;C:\WINDOWS\SYSTEM32;C:\Program Files\Avast Software\Avast;C:\WINDOWS\WinSxS\amd64_microsoft.windows.common-controls_6595b64144ccf1df_6.0.26100.7019_none_3e06ffa0e335b8a8;C:\Program Files\Microsoft\jdk-17.0.17.10-hotspot\bin\server

VM Arguments:
jvm_args: -Xmx64m -Xms64m -Dorg.gradle.appname=gradlew 
java_command: E:\Stylinx\android\\gradle\wrapper\gradle-wrapper.jar app:installDebug -PreactNativeDevServerPort=8081
java_class_path (initial): E:\Stylinx\android\\gradle\wrapper\gradle-wrapper.jar
Launcher Type: SUN_STANDARD

[Global flags]
     intx CICompilerCount                          = 12                                        {product} {ergonomic}
     uint ConcGCThreads                            = 3                                         {product} {ergonomic}
     uint G1ConcRefinementThreads                  = 13                                        {product} {ergonomic}
   size_t G1HeapRegionSize                         = 1048576                                   {product} {ergonomic}
    uintx GCDrainStackTargetSize                   = 64                                        {product} {ergonomic}
   size_t InitialHeapSize                          = 67108864                                  {product} {command line}
   size_t MarkStackSize                            = 4194304                                   {product} {ergonomic}
   size_t MaxHeapSize                              = 67108864                                  {product} {command line}
   size_t MaxNewSize                               = 39845888                                  {product} {ergonomic}
   size_t MinHeapDeltaBytes                        = 1048576                                   {product} {ergonomic}
   size_t MinHeapSize                              = 67108864                                  {product} {command line}
    uintx NonNMethodCodeHeapSize                   = 7602480                                {pd product} {ergonomic}
    uintx NonProfiledCodeHeapSize                  = 122027880                              {pd product} {ergonomic}
    uintx ProfiledCodeHeapSize                     = 122027880                              {pd product} {ergonomic}
    uintx ReservedCodeCacheSize                    = 251658240                              {pd product} {ergonomic}
     bool SegmentedCodeCache                       = true                                      {product} {ergonomic}
   size_t SoftMaxHeapSize                          = 67108864                               {manageable} {ergonomic}
     bool UseCompressedClassPointers               = true                           {product lp64_product} {ergonomic}
     bool UseCompressedOops                        = true                           {product lp64_product} {ergonomic}
     bool UseG1GC                                  = true                                      {product} {ergonomic}
     bool UseLargePagesIndividualAllocation        = false                                  {pd product} {ergonomic}

Logging:
Log output configuration:
 #0: stdout all=warning uptime,level,tags
 #1: stderr all=off uptime,level,tags

Environment Variables:
JAVA_HOME=C:\Program Files\Microsoft\jdk-17.0.17.10-hotspot\
PATH=E:\Stylinx\node_modules\.bin;E:\node_modules\.bin;C:\Program Files\nodejs\node_modules\npm\node_modules\@npmcli\run-script\lib\node-gyp-bin;C:\Program Files\Microsoft\jdk-17.0.17.10-hotspot\bin;C:\Python313\Scripts\;C:\Python313\;C:\Program Files\Zulu\zulu-18\bin\;C:\windows\system32;C:\windows;C:\windows\System32\Wbem;C:\windows\System32\WindowsPowerShell\v1.0\;C:\windows\System32\OpenSSH\;C:\Program Files (x86)\NVIDIA Corporation\PhysX\Common;C:\Program Files\NVIDIA Corporation\NVIDIA NvDLISR;C:\WINDOWS\system32;C:\WINDOWS;C:\WINDOWS\System32\Wbem;C:\WINDOWS\System32\WindowsPowerShell\v1.0\;C:\WINDOWS\System32\OpenSSH\;C:\ProgramData\chocolatey\bin;%NVM_HOME%;%NVM_SYMLINK%;C:\Program Files\Git\cmd;C:\Program Files\nodejs\;C:\Users\skulw\AppData\Local\Microsoft\WindowsApps;C:\Users\skulw\AppData\Local\Programs\Microsoft VS Code\bin;C:\Users\skulw\AppData\Local\nvm;C:\nvm4w\nodejs;C:\Users\skulw\AppData\Roaming\npm
USERNAME=skulw
LANG=en_US.UTF-8
OS=Windows_NT
PROCESSOR_IDENTIFIER=Intel64 Family 6 Model 165 Stepping 2, GenuineIntel
TMP=C:\Users\skulw\AppData\Local\Temp
TEMP=C:\Users\skulw\AppData\Local\Temp



Periodic native trim disabled


---------------  S Y S T E M  ---------------

OS:
 Windows 11 , 64 bit Build 26100 (10.0.26100.7019)
OS uptime: 15 days 22:12 hours
Hyper-V role detected

CPU: total 16 (initial active 16) (8 cores per cpu, 2 threads per core) family 6 model 165 stepping 2 microcode 0xf0, cx8, cmov, fxsr, ht, mmx, 3dnowpref, sse, sse2, sse3, ssse3, sse4.1, sse4.2, popcnt, lzcnt, tsc, tscinvbit, avx, avx2, aes, erms, clmul, bmi1, bmi2, adx, fma, vzeroupper, clflush, clflushopt, hv
Processor Information for the first 16 processors :
  Max Mhz: 2208, Current Mhz: 2208, Mhz Limit: 2208

Memory: 4k page, system-wide physical 16159M (2736M free)
TotalPageFile size 17498M (AvailPageFile size 12M)
current process WorkingSet (physical memory assigned to process): 39M, peak: 39M
current process commit charge ("private bytes"): 154M, peak: 154M

vm_info: OpenJDK 64-Bit Server VM (17.0.17+10-LTS) for windows-amd64 JRE (17.0.17+10-LTS), built on Oct 13 2025 22:19:56 by "MicrosoftCorporation" with unknown MS VC++:1944

END.
