#
# There is insufficient memory for the Java Runtime Environment to continue.
# Native memory allocation (malloc) failed to allocate 32744 bytes. Error detail: ChunkPool::allocate
# Possible reasons:
#   The system is out of physical RAM or swap space
#   This process is running with CompressedOops enabled, and the Java Heap may be blocking the growth of the native heap
# Possible solutions:
#   Reduce memory load on the system
#   Increase physical memory or swap space
#   Check if swap backing store is full
#   Decrease Java heap size (-Xmx/-Xms)
#   Decrease number of Java threads
#   Decrease Java thread stack sizes (-Xss)
#   Set larger code cache with -XX:ReservedCodeCacheSize=
#   JVM is running with Unscaled Compressed Oops mode in which the Java heap is
#     placed in the first 4GB address space. The Java Heap base address is the
#     maximum limit for the native heap growth. Please use -XX:HeapBaseMinAddress
#     to set the Java Heap base and to place the Java Heap above 4GB virtual address.
# This output file may be truncated or incomplete.
#
#  Out of Memory Error (arena.cpp:79), pid=26796, tid=11976
#
# JRE version: OpenJDK Runtime Environment Microsoft-12574423 (17.0.17+10) (build 17.0.17+10-LTS)
# Java VM: OpenJDK 64-Bit Server VM Microsoft-12574423 (17.0.17+10-LTS, mixed mode, sharing, tiered, compressed oops, compressed class ptrs, g1 gc, windows-amd64)
# No core dump will be written. Minidumps are not enabled by default on client versions of Windows
#

---------------  S U M M A R Y ------------

Command Line: -Xmx64m -Xms64m -Dorg.gradle.appname=gradlew E:\Stylinx\android\\gradle\wrapper\gradle-wrapper.jar app:installDebug -PreactNativeDevServerPort=8081

Host: Intel(R) Core(TM) i7-10870H CPU @ 2.20GHz, 16 cores, 15G,  Windows 11 , 64 bit Build 26100 (10.0.26100.7019)
Time: Sat Dec  6 20:53:55 2025 India Standard Time elapsed time: 0.062683 seconds (0d 0h 0m 0s)

---------------  T H R E A D  ---------------

Current thread (0x000001c8c582e680):  JavaThread "C1 CompilerThread1" daemon [_thread_in_native, id=11976, stack(0x00000048e3a00000,0x00000048e3b00000)]


Current CompileTask:
C1:62   43   !   3       java.util.concurrent.ConcurrentHashMap::putVal (432 bytes)

Stack: [0x00000048e3a00000,0x00000048e3b00000]
Native frames: (J=compiled Java code, j=interpreted, Vv=VM code, C=native code)
V  [jvm.dll+0x68c459]  (no source info available)
V  [jvm.dll+0x845e09]  (no source info available)
V  [jvm.dll+0x847b78]  (no source info available)
V  [jvm.dll+0x848203]  (no source info available)
V  [jvm.dll+0x24cf6f]  (no source info available)
V  [jvm.dll+0xaeebe]  (no source info available)
V  [jvm.dll+0xaf35c]  (no source info available)
V  [jvm.dll+0x152b9c]  (no source info available)
V  [jvm.dll+0x163a95]  (no source info available)
V  [jvm.dll+0x151a70]  (no source info available)
V  [jvm.dll+0x13a7b7]  (no source info available)
V  [jvm.dll+0x13a0ff]  (no source info available)
V  [jvm.dll+0x13a343]  (no source info available)
V  [jvm.dll+0x139797]  (no source info available)
V  [jvm.dll+0x13b4bd]  (no source info available)
V  [jvm.dll+0x22db1b]  (no source info available)
V  [jvm.dll+0x22bca6]  (no source info available)
V  [jvm.dll+0x7fb65b]  (no source info available)
V  [jvm.dll+0x7f5a5c]  (no source info available)
V  [jvm.dll+0x68d9f7]  (no source info available)
C  [ucrtbase.dll+0x37b0]  (no source info available)
C  [KERNEL32.DLL+0x2e8d7]  (no source info available)
C  [ntdll.dll+0x8c53c]  (no source info available)


---------------  P R O C E S S  ---------------

Threads class SMR info:
_java_thread_list=0x000001c8c59671d0, length=13, elements={
0x000001c8c5748b90, 0x000001c8c574b670, 0x000001c8c5763c50, 0x000001c8c5764520,
0x000001c8c5765590, 0x000001c8c5766600, 0x000001c8c5772700, 0x000001c8c57753d0,
0x000001c8c577e490, 0x000001c8c582e680, 0x000001c8c5949250, 0x000001c8c5958500,
0x000001c8ab2cf390
}

Java Threads: ( => current thread )
  0x000001c8c5748b90 JavaThread "Reference Handler" daemon [_thread_blocked, id=35784, stack(0x00000048e3100000,0x00000048e3200000)]
  0x000001c8c574b670 JavaThread "Finalizer" daemon [_thread_blocked, id=37336, stack(0x00000048e3200000,0x00000048e3300000)]
  0x000001c8c5763c50 JavaThread "Signal Dispatcher" daemon [_thread_blocked, id=2544, stack(0x00000048e3300000,0x00000048e3400000)]
  0x000001c8c5764520 JavaThread "Attach Listener" daemon [_thread_blocked, id=6832, stack(0x00000048e3400000,0x00000048e3500000)]
  0x000001c8c5765590 JavaThread "Service Thread" daemon [_thread_blocked, id=30464, stack(0x00000048e3500000,0x00000048e3600000)]
  0x000001c8c5766600 JavaThread "Monitor Deflation Thread" daemon [_thread_blocked, id=14772, stack(0x00000048e3600000,0x00000048e3700000)]
  0x000001c8c5772700 JavaThread "C2 CompilerThread0" daemon [_thread_blocked, id=13200, stack(0x00000048e3700000,0x00000048e3800000)]
  0x000001c8c57753d0 JavaThread "C1 CompilerThread0" daemon [_thread_blocked, id=21068, stack(0x00000048e3800000,0x00000048e3900000)]
  0x000001c8c577e490 JavaThread "Sweeper thread" daemon [_thread_blocked, id=17056, stack(0x00000048e3900000,0x00000048e3a00000)]
=>0x000001c8c582e680 JavaThread "C1 CompilerThread1" daemon [_thread_in_native, id=11976, stack(0x00000048e3a00000,0x00000048e3b00000)]
  0x000001c8c5949250 JavaThread "Notification Thread" daemon [_thread_blocked, id=4672, stack(0x00000048e3b00000,0x00000048e3c00000)]
  0x000001c8c5958500 JavaThread "Common-Cleaner" daemon [_thread_blocked, id=1644, stack(0x00000048e3d00000,0x00000048e3e00000)]
  0x000001c8ab2cf390 JavaThread "DestroyJavaVM" [_thread_blocked, id=23996, stack(0x00000048e2a00000,0x00000048e2b00000)]

Other Threads:
  0x000001c8c5740f80 VMThread "VM Thread" [stack: 0x00000048e3000000,0x00000048e3100000] [id=20104]
  0x000001c8c5949730 WatcherThread [stack: 0x00000048e3c00000,0x00000048e3d00000] [id=20268]
  0x000001c8ab2f11d0 GCTaskThread "GC Thread#0" [stack: 0x00000048e2b00000,0x00000048e2c00000] [id=2352]
  0x000001c8ab2f2930 ConcurrentGCThread "G1 Main Marker" [stack: 0x00000048e2c00000,0x00000048e2d00000] [id=36436]
  0x000001c8ab2f5740 ConcurrentGCThread "G1 Conc#0" [stack: 0x00000048e2d00000,0x00000048e2e00000] [id=36656]
  0x000001c8ab370740 ConcurrentGCThread "G1 Refine#0" [stack: 0x00000048e2e00000,0x00000048e2f00000] [id=25836]
  0x000001c8ab370f30 ConcurrentGCThread "G1 Service" [stack: 0x00000048e2f00000,0x00000048e3000000] [id=22056]

Threads with active compile tasks:
C1 CompilerThread1  103   43   !   3       java.util.concurrent.ConcurrentHashMap::putVal (432 bytes)

VM state: not at safepoint (normal execution)

VM Mutex/Monitor currently owned by a thread: None

Heap address: 0x00000000fc000000, size: 64 MB, Compressed Oops mode: 32-bit

CDS archive(s) mapped at: [0x000001c8c6000000-0x000001c8c6bb0000-0x000001c8c6bb0000), size 12255232, SharedBaseAddress: 0x000001c8c6000000, ArchiveRelocationMode: 1.
Compressed class space mapped at: 0x000001c8c7000000-0x000001c907000000, reserved size: 1073741824
Narrow klass base: 0x000001c8c6000000, Narrow klass shift: 0, Narrow klass range: 0x100000000

GC Precious Log:
 CPUs: 16 total, 16 available
 Memory: 16159M
 Large Page Support: Disabled
 NUMA Support: Disabled
 Compressed Oops: Enabled (32-bit)
 Heap Region Size: 1M
 Heap Min Capacity: 64M
 Heap Initial Capacity: 64M
 Heap Max Capacity: 64M
 Pre-touch: Disabled
 Parallel Workers: 13
 Concurrent Workers: 3
 Concurrent Refinement Workers: 13
 Periodic GC: Disabled

Heap:
 garbage-first heap   total 65536K, used 1024K [0x00000000fc000000, 0x0000000100000000)
  region size 1024K, 2 young (2048K), 0 survivors (0K)
 Metaspace       used 168K, committed 256K, reserved 1114112K
  class space    used 11K, committed 64K, reserved 1048576K

Heap Regions: E=young(eden), S=young(survivor), O=old, HS=humongous(starts), HC=humongous(continues), CS=collection set, F=free, OA=open archive, CA=closed archive, TAMS=top-at-mark-start (previous, next)
|   0|0x00000000fc000000, 0x00000000fc000000, 0x00000000fc100000|  0%| F|  |TAMS 0x00000000fc000000, 0x00000000fc000000| Untracked 
|   1|0x00000000fc100000, 0x00000000fc100000, 0x00000000fc200000|  0%| F|  |TAMS 0x00000000fc100000, 0x00000000fc100000| Untracked 
|   2|0x00000000fc200000, 0x00000000fc200000, 0x00000000fc300000|  0%| F|  |TAMS 0x00000000fc200000, 0x00000000fc200000| Untracked 
|   3|0x00000000fc300000, 0x00000000fc300000, 0x00000000fc400000|  0%| F|  |TAMS 0x00000000fc300000, 0x00000000fc300000| Untracked 
|   4|0x00000000fc400000, 0x00000000fc400000, 0x00000000fc500000|  0%| F|  |TAMS 0x00000000fc400000, 0x00000000fc400000| Untracked 
|   5|0x00000000fc500000, 0x00000000fc500000, 0x00000000fc600000|  0%| F|  |TAMS 0x00000000fc500000, 0x00000000fc500000| Untracked 
|   6|0x00000000fc600000, 0x00000000fc600000, 0x00000000fc700000|  0%| F|  |TAMS 0x00000000fc600000, 0x00000000fc600000| Untracked 
|   7|0x00000000fc700000, 0x00000000fc700000, 0x00000000fc800000|  0%| F|  |TAMS 0x00000000fc700000, 0x00000000fc700000| Untracked 
|   8|0x00000000fc800000, 0x00000000fc800000, 0x00000000fc900000|  0%| F|  |TAMS 0x00000000fc800000, 0x00000000fc800000| Untracked 
|   9|0x00000000fc900000, 0x00000000fc900000, 0x00000000fca00000|  0%| F|  |TAMS 0x00000000fc900000, 0x00000000fc900000| Untracked 
|  10|0x00000000fca00000, 0x00000000fca00000, 0x00000000fcb00000|  0%| F|  |TAMS 0x00000000fca00000, 0x00000000fca00000| Untracked 
|  11|0x00000000fcb00000, 0x00000000fcb00000, 0x00000000fcc00000|  0%| F|  |TAMS 0x00000000fcb00000, 0x00000000fcb00000| Untracked 
|  12|0x00000000fcc00000, 0x00000000fcc00000, 0x00000000fcd00000|  0%| F|  |TAMS 0x00000000fcc00000, 0x00000000fcc00000| Untracked 
|  13|0x00000000fcd00000, 0x00000000fcd00000, 0x00000000fce00000|  0%| F|  |TAMS 0x00000000fcd00000, 0x00000000fcd00000| Untracked 
|  14|0x00000000fce00000, 0x00000000fce00000, 0x00000000fcf00000|  0%| F|  |TAMS 0x00000000fce00000, 0x00000000fce00000| Untracked 
|  15|0x00000000fcf00000, 0x00000000fcf00000, 0x00000000fd000000|  0%| F|  |TAMS 0x00000000fcf00000, 0x00000000fcf00000| Untracked 
|  16|0x00000000fd000000, 0x00000000fd000000, 0x00000000fd100000|  0%| F|  |TAMS 0x00000000fd000000, 0x00000000fd000000| Untracked 
|  17|0x00000000fd100000, 0x00000000fd100000, 0x00000000fd200000|  0%| F|  |TAMS 0x00000000fd100000, 0x00000000fd100000| Untracked 
|  18|0x00000000fd200000, 0x00000000fd200000, 0x00000000fd300000|  0%| F|  |TAMS 0x00000000fd200000, 0x00000000fd200000| Untracked 
|  19|0x00000000fd300000, 0x00000000fd300000, 0x00000000fd400000|  0%| F|  |TAMS 0x00000000fd300000, 0x00000000fd300000| Untracked 
|  20|0x00000000fd400000, 0x00000000fd400000, 0x00000000fd500000|  0%| F|  |TAMS 0x00000000fd400000, 0x00000000fd400000| Untracked 
|  21|0x00000000fd500000, 0x00000000fd500000, 0x00000000fd600000|  0%| F|  |TAMS 0x00000000fd500000, 0x00000000fd500000| Untracked 
|  22|0x00000000fd600000, 0x00000000fd600000, 0x00000000fd700000|  0%| F|  |TAMS 0x00000000fd600000, 0x00000000fd600000| Untracked 
|  23|0x00000000fd700000, 0x00000000fd700000, 0x00000000fd800000|  0%| F|  |TAMS 0x00000000fd700000, 0x00000000fd700000| Untracked 
|  24|0x00000000fd800000, 0x00000000fd800000, 0x00000000fd900000|  0%| F|  |TAMS 0x00000000fd800000, 0x00000000fd800000| Untracked 
|  25|0x00000000fd900000, 0x00000000fd900000, 0x00000000fda00000|  0%| F|  |TAMS 0x00000000fd900000, 0x00000000fd900000| Untracked 
|  26|0x00000000fda00000, 0x00000000fda00000, 0x00000000fdb00000|  0%| F|  |TAMS 0x00000000fda00000, 0x00000000fda00000| Untracked 
|  27|0x00000000fdb00000, 0x00000000fdb00000, 0x00000000fdc00000|  0%| F|  |TAMS 0x00000000fdb00000, 0x00000000fdb00000| Untracked 
|  28|0x00000000fdc00000, 0x00000000fdc00000, 0x00000000fdd00000|  0%| F|  |TAMS 0x00000000fdc00000, 0x00000000fdc00000| Untracked 
|  29|0x00000000fdd00000, 0x00000000fdd00000, 0x00000000fde00000|  0%| F|  |TAMS 0x00000000fdd00000, 0x00000000fdd00000| Untracked 
|  30|0x00000000fde00000, 0x00000000fde00000, 0x00000000fdf00000|  0%| F|  |TAMS 0x00000000fde00000, 0x00000000fde00000| Untracked 
|  31|0x00000000fdf00000, 0x00000000fdf00000, 0x00000000fe000000|  0%| F|  |TAMS 0x00000000fdf00000, 0x00000000fdf00000| Untracked 
|  32|0x00000000fe000000, 0x00000000fe000000, 0x00000000fe100000|  0%| F|  |TAMS 0x00000000fe000000, 0x00000000fe000000| Untracked 
|  33|0x00000000fe100000, 0x00000000fe100000, 0x00000000fe200000|  0%| F|  |TAMS 0x00000000fe100000, 0x00000000fe100000| Untracked 
|  34|0x00000000fe200000, 0x00000000fe200000, 0x00000000fe300000|  0%| F|  |TAMS 0x00000000fe200000, 0x00000000fe200000| Untracked 
|  35|0x00000000fe300000, 0x00000000fe300000, 0x00000000fe400000|  0%| F|  |TAMS 0x00000000fe300000, 0x00000000fe300000| Untracked 
|  36|0x00000000fe400000, 0x00000000fe400000, 0x00000000fe500000|  0%| F|  |TAMS 0x00000000fe400000, 0x00000000fe400000| Untracked 
|  37|0x00000000fe500000, 0x00000000fe500000, 0x00000000fe600000|  0%| F|  |TAMS 0x00000000fe500000, 0x00000000fe500000| Untracked 
|  38|0x00000000fe600000, 0x00000000fe600000, 0x00000000fe700000|  0%| F|  |TAMS 0x00000000fe600000, 0x00000000fe600000| Untracked 
|  39|0x00000000fe700000, 0x00000000fe700000, 0x00000000fe800000|  0%| F|  |TAMS 0x00000000fe700000, 0x00000000fe700000| Untracked 
|  40|0x00000000fe800000, 0x00000000fe800000, 0x00000000fe900000|  0%| F|  |TAMS 0x00000000fe800000, 0x00000000fe800000| Untracked 
|  41|0x00000000fe900000, 0x00000000fe900000, 0x00000000fea00000|  0%| F|  |TAMS 0x00000000fe900000, 0x00000000fe900000| Untracked 
|  42|0x00000000fea00000, 0x00000000fea00000, 0x00000000feb00000|  0%| F|  |TAMS 0x00000000fea00000, 0x00000000fea00000| Untracked 
|  43|0x00000000feb00000, 0x00000000feb00000, 0x00000000fec00000|  0%| F|  |TAMS 0x00000000feb00000, 0x00000000feb00000| Untracked 
|  44|0x00000000fec00000, 0x00000000fec00000, 0x00000000fed00000|  0%| F|  |TAMS 0x00000000fec00000, 0x00000000fec00000| Untracked 
|  45|0x00000000fed00000, 0x00000000fed00000, 0x00000000fee00000|  0%| F|  |TAMS 0x00000000fed00000, 0x00000000fed00000| Untracked 
|  46|0x00000000fee00000, 0x00000000fee00000, 0x00000000fef00000|  0%| F|  |TAMS 0x00000000fee00000, 0x00000000fee00000| Untracked 
|  47|0x00000000fef00000, 0x00000000fef00000, 0x00000000ff000000|  0%| F|  |TAMS 0x00000000fef00000, 0x00000000fef00000| Untracked 
|  48|0x00000000ff000000, 0x00000000ff000000, 0x00000000ff100000|  0%| F|  |TAMS 0x00000000ff000000, 0x00000000ff000000| Untracked 
|  49|0x00000000ff100000, 0x00000000ff100000, 0x00000000ff200000|  0%| F|  |TAMS 0x00000000ff100000, 0x00000000ff100000| Untracked 
|  50|0x00000000ff200000, 0x00000000ff200000, 0x00000000ff300000|  0%| F|  |TAMS 0x00000000ff200000, 0x00000000ff200000| Untracked 
|  51|0x00000000ff300000, 0x00000000ff300000, 0x00000000ff400000|  0%| F|  |TAMS 0x00000000ff300000, 0x00000000ff300000| Untracked 
|  52|0x00000000ff400000, 0x00000000ff400000, 0x00000000ff500000|  0%| F|  |TAMS 0x00000000ff400000, 0x00000000ff400000| Untracked 
|  53|0x00000000ff500000, 0x00000000ff500000, 0x00000000ff600000|  0%| F|  |TAMS 0x00000000ff500000, 0x00000000ff500000| Untracked 
|  54|0x00000000ff600000, 0x00000000ff600000, 0x00000000ff700000|  0%| F|  |TAMS 0x00000000ff600000, 0x00000000ff600000| Untracked 
|  55|0x00000000ff700000, 0x00000000ff700000, 0x00000000ff800000|  0%| F|  |TAMS 0x00000000ff700000, 0x00000000ff700000| Untracked 
|  56|0x00000000ff800000, 0x00000000ff800000, 0x00000000ff900000|  0%| F|  |TAMS 0x00000000ff800000, 0x00000000ff800000| Untracked 
|  57|0x00000000ff900000, 0x00000000ff900000, 0x00000000ffa00000|  0%| F|  |TAMS 0x00000000ff900000, 0x00000000ff900000| Untracked 
|  58|0x00000000ffa00000, 0x00000000ffa00000, 0x00000000ffb00000|  0%| F|  |TAMS 0x00000000ffa00000, 0x00000000ffa00000| Untracked 
|  59|0x00000000ffb00000, 0x00000000ffb00000, 0x00000000ffc00000|  0%| F|  |TAMS 0x00000000ffb00000, 0x00000000ffb00000| Untracked 
|  60|0x00000000ffc00000, 0x00000000ffc00000, 0x00000000ffd00000|  0%| F|  |TAMS 0x00000000ffc00000, 0x00000000ffc00000| Untracked 
|  61|0x00000000ffd00000, 0x00000000ffd00000, 0x00000000ffe00000|  0%| F|  |TAMS 0x00000000ffd00000, 0x00000000ffd00000| Untracked 
|  62|0x00000000ffe00000, 0x00000000fff00000, 0x00000000fff00000|100%| E|  |TAMS 0x00000000ffe00000, 0x00000000ffe00000| Complete 
|  63|0x00000000fff00000, 0x0000000100000000, 0x0000000100000000|100%| E|CS|TAMS 0x00000000fff00000, 0x00000000fff00000| Complete 

Card table byte_map: [0x000001c8a90b0000,0x000001c8a90d0000] _byte_map_base: 0x000001c8a88d0000

Marking Bits (Prev, Next): (CMBitMap*) 0x000001c8ab2f1800, (CMBitMap*) 0x000001c8ab2f1840
 Prev Bits: [0x000001c8c26c0000, 0x000001c8c27c0000)
 Next Bits: [0x000001c8c27c0000, 0x000001c8c28c0000)

Polling page: 0x000001c8a9060000

Metaspace:

Usage:
  Non-class:    156.60 KB used.
      Class:     11.51 KB used.
       Both:    168.11 KB used.

Virtual space:
  Non-class space:       64.00 MB reserved,     192.00 KB ( <1%) committed,  1 nodes.
      Class space:        1.00 GB reserved,      64.00 KB ( <1%) committed,  1 nodes.
             Both:        1.06 GB reserved,     256.00 KB ( <1%) committed. 

Chunk freelists:
   Non-Class:  12.00 MB
       Class:  15.75 MB
        Both:  27.75 MB

MaxMetaspaceSize: unlimited
CompressedClassSpaceSize: 1.00 GB
Initial GC threshold: 21.00 MB
Current GC threshold: 21.00 MB
CDS: on
MetaspaceReclaimPolicy: balanced
 - commit_granule_bytes: 65536.
 - commit_granule_words: 8192.
 - virtual_space_node_default_size: 8388608.
 - enlarge_chunks_in_place: 1.
 - new_chunks_are_fully_committed: 0.
 - uncommit_free_chunks: 1.
 - use_allocation_guard: 0.
 - handle_deallocations: 1.


Internal statistics:

num_allocs_failed_limit: 0.
num_arena_births: 2.
num_arena_deaths: 0.
num_vsnodes_births: 2.
num_vsnodes_deaths: 0.
num_space_committed: 4.
num_space_uncommitted: 0.
num_chunks_returned_to_freelist: 0.
num_chunks_taken_from_freelist: 3.
num_chunk_merges: 0.
num_chunk_splits: 2.
num_chunks_enlarged: 0.
num_inconsistent_stats: 0.

CodeHeap 'non-profiled nmethods': size=119168Kb used=16Kb max_used=16Kb free=119151Kb
 bounds [0x000001c8ba9e0000, 0x000001c8bac50000, 0x000001c8c1e40000]
CodeHeap 'profiled nmethods': size=119104Kb used=89Kb max_used=89Kb free=119014Kb
 bounds [0x000001c8b2e40000, 0x000001c8b30b0000, 0x000001c8ba290000]
CodeHeap 'non-nmethods': size=7488Kb used=1609Kb max_used=1609Kb free=5878Kb
 bounds [0x000001c8ba290000, 0x000001c8ba500000, 0x000001c8ba9e0000]
 total_blobs=385 nmethods=81 adapters=216
 compilation: enabled
              stopped_count=0, restarted_count=0
 full_count=0

Compilation events (20 events):
Event: 0.058 Thread 0x000001c8c582e680 nmethod 30 0x000001c8b2e47f90 code [0x000001c8b2e48120, 0x000001c8b2e48298]
Event: 0.058 Thread 0x000001c8c57753d0 nmethod 31 0x000001c8b2e48310 code [0x000001c8b2e484a0, 0x000001c8b2e48598]
Event: 0.058 Thread 0x000001c8c582e680   33       1       java.util.KeyValueHolder::getKey (5 bytes)
Event: 0.058 Thread 0x000001c8c57753d0   34       1       java.util.KeyValueHolder::getValue (5 bytes)
Event: 0.058 Thread 0x000001c8c582e680 nmethod 33 0x000001c8ba9e1a90 code [0x000001c8ba9e1c20, 0x000001c8ba9e1cf8]
Event: 0.058 Thread 0x000001c8c582e680   35       3       java.util.KeyValueHolder::<init> (21 bytes)
Event: 0.058 Thread 0x000001c8c57753d0 nmethod 34 0x000001c8ba9e1d90 code [0x000001c8ba9e1f20, 0x000001c8ba9e1ff8]
Event: 0.058 Thread 0x000001c8c57753d0   36       3       java.util.ImmutableCollections$MapN::probe (60 bytes)
Event: 0.058 Thread 0x000001c8c582e680 nmethod 35 0x000001c8b2e48610 code [0x000001c8b2e48800, 0x000001c8b2e48cd8]
Event: 0.058 Thread 0x000001c8c582e680   37       3       java.util.ImmutableCollections$MapN::get (35 bytes)
Event: 0.058 Thread 0x000001c8c57753d0 nmethod 36 0x000001c8b2e48e90 code [0x000001c8b2e49080, 0x000001c8b2e495d8]
Event: 0.058 Thread 0x000001c8c57753d0   39       3       jdk.internal.module.ModuleReferenceImpl::hashCode (56 bytes)
Event: 0.059 Thread 0x000001c8c582e680 nmethod 37 0x000001c8b2e49810 code [0x000001c8b2e49a00, 0x000001c8b2e49d98]
Event: 0.059 Thread 0x000001c8c582e680   40       3       java.util.ImmutableCollections$SetN::iterator (9 bytes)
Event: 0.059 Thread 0x000001c8c582e680 nmethod 40 0x000001c8b2e49f10 code [0x000001c8b2e4a0c0, 0x000001c8b2e4a268]
Event: 0.059 Thread 0x000001c8c582e680   43   !   3       java.util.concurrent.ConcurrentHashMap::putVal (432 bytes)
Event: 0.059 Thread 0x000001c8c57753d0 nmethod 39 0x000001c8b2e4a310 code [0x000001c8b2e4a500, 0x000001c8b2e4a968]
Event: 0.059 Thread 0x000001c8c57753d0   44       3       java.util.concurrent.ConcurrentHashMap$Node::<init> (20 bytes)
Event: 0.059 Thread 0x000001c8c57753d0 nmethod 44 0x000001c8b2e4ab10 code [0x000001c8b2e4acc0, 0x000001c8b2e4aef8]
Event: 0.059 Thread 0x000001c8c57753d0   45       3       java.util.concurrent.ConcurrentHashMap::addCount (280 bytes)

GC Heap History (0 events):
No events

Dll operation events (2 events):
Event: 0.011 Loaded shared library C:\Program Files\Microsoft\jdk-17.0.17.10-hotspot\bin\java.dll
Event: 0.034 Loaded shared library C:\Program Files\Microsoft\jdk-17.0.17.10-hotspot\bin\jsvml.dll

Deoptimization events (0 events):
No events

Classes loaded (4 events):
Event: 0.046 Loading class sun/nio/cs/IBM437
Event: 0.047 Loading class sun/nio/cs/IBM437 done
Event: 0.047 Loading class sun/nio/cs/IBM437$Holder
Event: 0.047 Loading class sun/nio/cs/IBM437$Holder done

Classes unloaded (0 events):
No events

Classes redefined (0 events):
No events

Internal exceptions (0 events):
No events

VM Operations (0 events):
No events

Memory protections (0 events):
No events

Nmethod flushes (0 events):
No events

Events (11 events):
Event: 0.034 Thread 0x000001c8ab2cf390 Thread added: 0x000001c8ab2cf390
Event: 0.036 Thread 0x000001c8ab2cf390 Thread added: 0x000001c8c5748b90
Event: 0.037 Thread 0x000001c8ab2cf390 Thread added: 0x000001c8c574b670
Event: 0.048 Thread 0x000001c8ab2cf390 Thread added: 0x000001c8c5763c50
Event: 0.049 Thread 0x000001c8ab2cf390 Thread added: 0x000001c8c5764520
Event: 0.049 Thread 0x000001c8ab2cf390 Thread added: 0x000001c8c5765590
Event: 0.049 Thread 0x000001c8ab2cf390 Thread added: 0x000001c8c5766600
Event: 0.049 Thread 0x000001c8ab2cf390 Thread added: 0x000001c8c5772700
Event: 0.049 Thread 0x000001c8ab2cf390 Thread added: 0x000001c8c57753d0
Event: 0.050 Thread 0x000001c8ab2cf390 Thread added: 0x000001c8c577e490
Event: 0.056 Thread 0x000001c8c57753d0 Thread added: 0x000001c8c582e680


Dynamic libraries:
0x00007ff625310000 - 0x00007ff62531e000 	C:\Program Files\Microsoft\jdk-17.0.17.10-hotspot\bin\java.exe
0x00007ffff9620000 - 0x00007ffff9888000 	C:\WINDOWS\SYSTEM32\ntdll.dll
0x00007fffdc460000 - 0x00007fffdc480000 	C:\Program Files\Avast Software\Avast\aswhook.dll
0x00007ffff85e0000 - 0x00007ffff86a9000 	C:\WINDOWS\System32\KERNEL32.DLL
0x00007ffff6d90000 - 0x00007ffff7188000 	C:\WINDOWS\System32\KERNELBASE.dll
0x00007ffff6800000 - 0x00007ffff694b000 	C:\WINDOWS\System32\ucrtbase.dll
0x00007fffb3330000 - 0x00007fffb334e000 	C:\Program Files\Microsoft\jdk-17.0.17.10-hotspot\bin\VCRUNTIME140.dll
0x00007fffb1d10000 - 0x00007fffb1d28000 	C:\Program Files\Microsoft\jdk-17.0.17.10-hotspot\bin\jli.dll
0x00007ffff8f00000 - 0x00007ffff90c7000 	C:\WINDOWS\System32\USER32.dll
0x00007ffff6a00000 - 0x00007ffff6a27000 	C:\WINDOWS\System32\win32u.dll
0x00007fffc8730000 - 0x00007fffc89c4000 	C:\WINDOWS\WinSxS\amd64_microsoft.windows.common-controls_6595b64144ccf1df_6.0.26100.7019_none_3e06ffa0e335b8a8\COMCTL32.dll
0x00007ffff76d0000 - 0x00007ffff76fb000 	C:\WINDOWS\System32\GDI32.dll
0x00007ffff9490000 - 0x00007ffff9539000 	C:\WINDOWS\System32\msvcrt.dll
0x00007ffff6ba0000 - 0x00007ffff6ccc000 	C:\WINDOWS\System32\gdi32full.dll
0x00007ffff6950000 - 0x00007ffff69f3000 	C:\WINDOWS\System32\msvcp_win.dll
0x00007ffff8550000 - 0x00007ffff8581000 	C:\WINDOWS\System32\IMM32.DLL
0x00007fffd8140000 - 0x00007fffd814c000 	C:\Program Files\Microsoft\jdk-17.0.17.10-hotspot\bin\vcruntime140_1.dll
0x00007fff87c10000 - 0x00007fff87c99000 	C:\Program Files\Microsoft\jdk-17.0.17.10-hotspot\bin\msvcp140.dll
0x00007fff4c650000 - 0x00007fff4d2ca000 	C:\Program Files\Microsoft\jdk-17.0.17.10-hotspot\bin\server\jvm.dll
0x00007ffff7610000 - 0x00007ffff76c4000 	C:\WINDOWS\System32\ADVAPI32.dll
0x00007ffff86e0000 - 0x00007ffff8786000 	C:\WINDOWS\System32\sechost.dll
0x00007ffff8430000 - 0x00007ffff8548000 	C:\WINDOWS\System32\RPCRT4.dll
0x00007ffff8e80000 - 0x00007ffff8ef4000 	C:\WINDOWS\System32\WS2_32.dll
0x00007ffff65d0000 - 0x00007ffff662e000 	C:\WINDOWS\SYSTEM32\POWRPROF.dll
0x00007fffe2bd0000 - 0x00007fffe2c05000 	C:\WINDOWS\SYSTEM32\WINMM.dll
0x00007ffff0740000 - 0x00007ffff074b000 	C:\WINDOWS\SYSTEM32\VERSION.dll
0x00007ffff65b0000 - 0x00007ffff65c4000 	C:\WINDOWS\SYSTEM32\UMPDC.dll
0x00007ffff5500000 - 0x00007ffff551b000 	C:\WINDOWS\SYSTEM32\kernel.appcore.dll
0x00007fffb5bc0000 - 0x00007fffb5bca000 	C:\Program Files\Microsoft\jdk-17.0.17.10-hotspot\bin\jimage.dll
0x00007ffff3dd0000 - 0x00007ffff4012000 	C:\WINDOWS\SYSTEM32\DBGHELP.DLL
0x00007ffff7f20000 - 0x00007ffff82ab000 	C:\WINDOWS\System32\combase.dll
0x00007ffff9240000 - 0x00007ffff9317000 	C:\WINDOWS\System32\OLEAUT32.dll
0x00007fffe8170000 - 0x00007fffe81ac000 	C:\WINDOWS\SYSTEM32\dbgcore.DLL
0x00007ffff7310000 - 0x00007ffff73b5000 	C:\WINDOWS\System32\bcryptPrimitives.dll
0x00007fff88420000 - 0x00007fff88446000 	C:\Program Files\Microsoft\jdk-17.0.17.10-hotspot\bin\java.dll
0x00007fff87b30000 - 0x00007fff87c06000 	C:\Program Files\Microsoft\jdk-17.0.17.10-hotspot\bin\jsvml.dll
0x00007ffff7700000 - 0x00007ffff7e4f000 	C:\WINDOWS\System32\SHELL32.dll
0x00007ffff6a30000 - 0x00007ffff6b9b000 	C:\WINDOWS\System32\wintypes.dll
0x00007ffff4370000 - 0x00007ffff4bcd000 	C:\WINDOWS\SYSTEM32\windows.storage.dll
0x00007ffff8330000 - 0x00007ffff8422000 	C:\WINDOWS\System32\SHCORE.dll
0x00007ffff9420000 - 0x00007ffff9487000 	C:\WINDOWS\System32\shlwapi.dll
0x00007ffff6690000 - 0x00007ffff66b9000 	C:\WINDOWS\SYSTEM32\profapi.dll

dbghelp: loaded successfully - version: 4.0.5 - missing functions: none
symbol engine: initialized successfully - sym options: 0x614 - pdb path: .;C:\Program Files\Microsoft\jdk-17.0.17.10-hotspot\bin;C:\WINDOWS\SYSTEM32;C:\Program Files\Avast Software\Avast;C:\WINDOWS\WinSxS\amd64_microsoft.windows.common-controls_6595b64144ccf1df_6.0.26100.7019_none_3e06ffa0e335b8a8;C:\Program Files\Microsoft\jdk-17.0.17.10-hotspot\bin\server

VM Arguments:
jvm_args: -Xmx64m -Xms64m -Dorg.gradle.appname=gradlew 
java_command: E:\Stylinx\android\\gradle\wrapper\gradle-wrapper.jar app:installDebug -PreactNativeDevServerPort=8081
java_class_path (initial): E:\Stylinx\android\\gradle\wrapper\gradle-wrapper.jar
Launcher Type: SUN_STANDARD

[Global flags]
     intx CICompilerCount                          = 12                                        {product} {ergonomic}
     uint ConcGCThreads                            = 3                                         {product} {ergonomic}
     uint G1ConcRefinementThreads                  = 13                                        {product} {ergonomic}
   size_t G1HeapRegionSize                         = 1048576                                   {product} {ergonomic}
    uintx GCDrainStackTargetSize                   = 64                                        {product} {ergonomic}
   size_t InitialHeapSize                          = 67108864                                  {product} {command line}
   size_t MarkStackSize                            = 4194304                                   {product} {ergonomic}
   size_t MaxHeapSize                              = 67108864                                  {product} {command line}
   size_t MaxNewSize                               = 39845888                                  {product} {ergonomic}
   size_t MinHeapDeltaBytes                        = 1048576                                   {product} {ergonomic}
   size_t MinHeapSize                              = 67108864                                  {product} {command line}
    uintx NonNMethodCodeHeapSize                   = 7602480                                {pd product} {ergonomic}
    uintx NonProfiledCodeHeapSize                  = 122027880                              {pd product} {ergonomic}
    uintx ProfiledCodeHeapSize                     = 122027880                              {pd product} {ergonomic}
    uintx ReservedCodeCacheSize                    = 251658240                              {pd product} {ergonomic}
     bool SegmentedCodeCache                       = true                                      {product} {ergonomic}
   size_t SoftMaxHeapSize                          = 67108864                               {manageable} {ergonomic}
     bool UseCompressedClassPointers               = true                           {product lp64_product} {ergonomic}
     bool UseCompressedOops                        = true                           {product lp64_product} {ergonomic}
     bool UseG1GC                                  = true                                      {product} {ergonomic}
     bool UseLargePagesIndividualAllocation        = false                                  {pd product} {ergonomic}

Logging:
Log output configuration:
 #0: stdout all=warning uptime,level,tags
 #1: stderr all=off uptime,level,tags

Environment Variables:
JAVA_HOME=C:\Program Files\Microsoft\jdk-17.0.17.10-hotspot\
PATH=E:\Stylinx\node_modules\.bin;E:\node_modules\.bin;C:\Program Files\nodejs\node_modules\npm\node_modules\@npmcli\run-script\lib\node-gyp-bin;C:\Program Files\Microsoft\jdk-17.0.17.10-hotspot\bin;C:\Python313\Scripts\;C:\Python313\;C:\Program Files\Zulu\zulu-18\bin\;C:\windows\system32;C:\windows;C:\windows\System32\Wbem;C:\windows\System32\WindowsPowerShell\v1.0\;C:\windows\System32\OpenSSH\;C:\Program Files (x86)\NVIDIA Corporation\PhysX\Common;C:\Program Files\NVIDIA Corporation\NVIDIA NvDLISR;C:\WINDOWS\system32;C:\WINDOWS;C:\WINDOWS\System32\Wbem;C:\WINDOWS\System32\WindowsPowerShell\v1.0\;C:\WINDOWS\System32\OpenSSH\;C:\ProgramData\chocolatey\bin;%NVM_HOME%;%NVM_SYMLINK%;C:\Program Files\Git\cmd;C:\Program Files\nodejs\;C:\Users\skulw\AppData\Local\Microsoft\WindowsApps;C:\Users\skulw\AppData\Local\Programs\Microsoft VS Code\bin;C:\Users\skulw\AppData\Local\nvm;C:\nvm4w\nodejs;C:\Users\skulw\AppData\Roaming\npm
USERNAME=skulw
LANG=en_US.UTF-8
OS=Windows_NT
PROCESSOR_IDENTIFIER=Intel64 Family 6 Model 165 Stepping 2, GenuineIntel
TMP=C:\Users\skulw\AppData\Local\Temp
TEMP=C:\Users\skulw\AppData\Local\Temp



Periodic native trim disabled


---------------  S Y S T E M  ---------------

OS:
 Windows 11 , 64 bit Build 26100 (10.0.26100.7019)
OS uptime: 15 days 22:11 hours
Hyper-V role detected

CPU: total 16 (initial active 16) (8 cores per cpu, 2 threads per core) family 6 model 165 stepping 2 microcode 0xf0, cx8, cmov, fxsr, ht, mmx, 3dnowpref, sse, sse2, sse3, ssse3, sse4.1, sse4.2, popcnt, lzcnt, tsc, tscinvbit, avx, avx2, aes, erms, clmul, bmi1, bmi2, adx, fma, vzeroupper, clflush, clflushopt, hv
Processor Information for the first 16 processors :
  Max Mhz: 2208, Current Mhz: 2208, Mhz Limit: 2208

Memory: 4k page, system-wide physical 16159M (2540M free)
TotalPageFile size 17498M (AvailPageFile size 7M)
current process WorkingSet (physical memory assigned to process): 34M, peak: 34M
current process commit charge ("private bytes"): 152M, peak: 152M

vm_info: OpenJDK 64-Bit Server VM (17.0.17+10-LTS) for windows-amd64 JRE (17.0.17+10-LTS), built on Oct 13 2025 22:19:56 by "MicrosoftCorporation" with unknown MS VC++:1944

END.
