#
# There is insufficient memory for the Java Runtime Environment to continue.
# Native memory allocation (mmap) failed to map 65536 bytes. Error detail: Failed to commit metaspace.
# Possible reasons:
#   The system is out of physical RAM or swap space
#   This process is running with CompressedOops enabled, and the Java Heap may be blocking the growth of the native heap
# Possible solutions:
#   Reduce memory load on the system
#   Increase physical memory or swap space
#   Check if swap backing store is full
#   Decrease Java heap size (-Xmx/-Xms)
#   Decrease number of Java threads
#   Decrease Java thread stack sizes (-Xss)
#   Set larger code cache with -XX:ReservedCodeCacheSize=
#   JVM is running with Unscaled Compressed Oops mode in which the Java heap is
#     placed in the first 4GB address space. The Java Heap base address is the
#     maximum limit for the native heap growth. Please use -XX:HeapBaseMinAddress
#     to set the Java Heap base and to place the Java Heap above 4GB virtual address.
# This output file may be truncated or incomplete.
#
#  Out of Memory Error (virtualSpaceNode.cpp:110), pid=30064, tid=19524
#
# JRE version: OpenJDK Runtime Environment Microsoft-12574423 (17.0.17+10) (build 17.0.17+10-LTS)
# Java VM: OpenJDK 64-Bit Server VM Microsoft-12574423 (17.0.17+10-LTS, mixed mode, sharing, tiered, compressed oops, compressed class ptrs, g1 gc, windows-amd64)
# No core dump will be written. Minidumps are not enabled by default on client versions of Windows
#

---------------  S U M M A R Y ------------

Command Line: -Xmx64m -Xms64m -Dorg.gradle.appname=gradlew E:\Stylinx\android\\gradle\wrapper\gradle-wrapper.jar app:installDebug -PreactNativeDevServerPort=8081

Host: Intel(R) Core(TM) i7-10870H CPU @ 2.20GHz, 16 cores, 15G,  Windows 11 , 64 bit Build 26100 (10.0.26100.7019)
Time: Sat Dec  6 20:49:03 2025 India Standard Time elapsed time: 0.117864 seconds (0d 0h 0m 0s)

---------------  T H R E A D  ---------------

Current thread (0x0000025018aefba0):  JavaThread "main" [_thread_in_vm, id=19524, stack(0x00000075a8b00000,0x00000075a8c00000)]

Stack: [0x00000075a8b00000,0x00000075a8c00000]
Native frames: (J=compiled Java code, j=interpreted, Vv=VM code, C=native code)
V  [jvm.dll+0x68c459]  (no source info available)
V  [jvm.dll+0x845e09]  (no source info available)
V  [jvm.dll+0x847b78]  (no source info available)
V  [jvm.dll+0x848203]  (no source info available)
V  [jvm.dll+0x24cf6f]  (no source info available)
V  [jvm.dll+0x841be7]  (no source info available)
V  [jvm.dll+0x632cbb]  (no source info available)
V  [jvm.dll+0x1c4c0d]  (no source info available)
V  [jvm.dll+0x635642]  (no source info available)
V  [jvm.dll+0x633676]  (no source info available)
V  [jvm.dll+0x242626]  (no source info available)
V  [jvm.dll+0x1ef1af]  (no source info available)
V  [jvm.dll+0x1e4f61]  (no source info available)
V  [jvm.dll+0x551b19]  (no source info available)
V  [jvm.dll+0x7bfbf2]  (no source info available)
V  [jvm.dll+0x7bfb5a]  (no source info available)
V  [jvm.dll+0x41dde4]  (no source info available)
V  [jvm.dll+0x43210c]  (no source info available)
C  [java.dll+0x167e]  (no source info available)

Java frames: (J=compiled Java code, j=interpreted, Vv=VM code)
j  java.lang.ClassLoader.defineClass0(Ljava/lang/ClassLoader;Ljava/lang/Class;Ljava/lang/String;[BIILjava/security/ProtectionDomain;ZILjava/lang/Object;)Ljava/lang/Class;+0 java.base@17.0.17
j  java.lang.System$2.defineClass(Ljava/lang/ClassLoader;Ljava/lang/Class;Ljava/lang/String;[BLjava/security/ProtectionDomain;ZILjava/lang/Object;)Ljava/lang/Class;+17 java.base@17.0.17
j  java.lang.invoke.MethodHandles$Lookup$ClassDefiner.defineClass(ZLjava/lang/Object;)Ljava/lang/Class;+54 java.base@17.0.17
j  java.lang.invoke.InvokerBytecodeGenerator.loadMethod([B)Ljava/lang/invoke/MemberName;+16 java.base@17.0.17
j  java.lang.invoke.InvokerBytecodeGenerator.generateCustomizedCode(Ljava/lang/invoke/LambdaForm;Ljava/lang/invoke/MethodType;)Ljava/lang/invoke/MemberName;+30 java.base@17.0.17
j  java.lang.invoke.LambdaForm.compileToBytecode()V+69 java.base@17.0.17
j  java.lang.invoke.DirectMethodHandle.makePreparedLambdaForm(Ljava/lang/invoke/MethodType;I)Ljava/lang/invoke/LambdaForm;+792 java.base@17.0.17
j  java.lang.invoke.DirectMethodHandle.preparedLambdaForm(Ljava/lang/invoke/MethodType;I)Ljava/lang/invoke/LambdaForm;+17 java.base@17.0.17
j  java.lang.invoke.DirectMethodHandle.preparedLambdaForm(Ljava/lang/invoke/MemberName;Z)Ljava/lang/invoke/LambdaForm;+159 java.base@17.0.17
j  java.lang.invoke.DirectMethodHandle.preparedLambdaForm(Ljava/lang/invoke/MemberName;)Ljava/lang/invoke/LambdaForm;+2 java.base@17.0.17
j  java.lang.invoke.DirectMethodHandle.make(BLjava/lang/Class;Ljava/lang/invoke/MemberName;Ljava/lang/Class;)Ljava/lang/invoke/DirectMethodHandle;+163 java.base@17.0.17
j  java.lang.invoke.MethodHandles$Lookup.getDirectMethodCommon(BLjava/lang/Class;Ljava/lang/invoke/MemberName;ZZLjava/lang/invoke/MethodHandles$Lookup;)Ljava/lang/invoke/MethodHandle;+210 java.base@17.0.17
j  java.lang.invoke.MethodHandles$Lookup.getDirectMethodNoSecurityManager(BLjava/lang/Class;Ljava/lang/invoke/MemberName;Ljava/lang/invoke/MethodHandles$Lookup;)Ljava/lang/invoke/MethodHandle;+14 java.base@17.0.17
j  java.lang.invoke.MethodHandles$Lookup.getDirectMethodForConstant(BLjava/lang/Class;Ljava/lang/invoke/MemberName;)Ljava/lang/invoke/MethodHandle;+31 java.base@17.0.17
j  java.lang.invoke.MethodHandles$Lookup.linkMethodHandleConstant(BLjava/lang/Class;Ljava/lang/String;Ljava/lang/Object;)Ljava/lang/invoke/MethodHandle;+153 java.base@17.0.17
j  java.lang.invoke.MethodHandleNatives.linkMethodHandleConstant(Ljava/lang/Class;ILjava/lang/Class;Ljava/lang/String;Ljava/lang/Object;)Ljava/lang/invoke/MethodHandle;+38 java.base@17.0.17
v  ~StubRoutines::call_stub
j  org.gradle.api.internal.classpath.DefaultModuleRegistry.<clinit>()V+0
v  ~StubRoutines::call_stub
j  org.gradle.launcher.bootstrap.ProcessBootstrap.runNoExit(Ljava/lang/String;Ljava/lang/String;Ljava/lang/String;[Ljava/lang/String;)V+0
j  org.gradle.launcher.bootstrap.ProcessBootstrap.run(Ljava/lang/String;Ljava/lang/String;Ljava/lang/String;[Ljava/lang/String;)V+4
j  org.gradle.launcher.GradleMain.main([Ljava/lang/String;)V+10
v  ~StubRoutines::call_stub
j  jdk.internal.reflect.NativeMethodAccessorImpl.invoke0(Ljava/lang/reflect/Method;Ljava/lang/Object;[Ljava/lang/Object;)Ljava/lang/Object;+0 java.base@17.0.17
j  jdk.internal.reflect.NativeMethodAccessorImpl.invoke(Ljava/lang/Object;[Ljava/lang/Object;)Ljava/lang/Object;+133 java.base@17.0.17
j  jdk.internal.reflect.DelegatingMethodAccessorImpl.invoke(Ljava/lang/Object;[Ljava/lang/Object;)Ljava/lang/Object;+6 java.base@17.0.17
j  java.lang.reflect.Method.invoke(Ljava/lang/Object;[Ljava/lang/Object;)Ljava/lang/Object;+59 java.base@17.0.17
j  org.gradle.wrapper.GradleWrapperMain.main([Ljava/lang/String;)V+1825
v  ~StubRoutines::call_stub

---------------  P R O C E S S  ---------------

Threads class SMR info:
_java_thread_list=0x00000250743db190, length=16, elements={
0x0000025018aefba0, 0x0000025074133ff0, 0x0000025074135500, 0x0000025074151130,
0x0000025074151a00, 0x0000025074152e40, 0x0000025074154a20, 0x0000025074158940,
0x000002507415faa0, 0x000002507415dc80, 0x00000250741fe290, 0x00000250742f22d0,
0x00000250742f27f0, 0x000002507437b9b0, 0x00000250742c12d0, 0x00000250744a6f80
}

Java Threads: ( => current thread )
=>0x0000025018aefba0 JavaThread "main" [_thread_in_vm, id=19524, stack(0x00000075a8b00000,0x00000075a8c00000)]
  0x0000025074133ff0 JavaThread "Reference Handler" daemon [_thread_blocked, id=5880, stack(0x00000075a9200000,0x00000075a9300000)]
  0x0000025074135500 JavaThread "Finalizer" daemon [_thread_blocked, id=20496, stack(0x00000075a9300000,0x00000075a9400000)]
  0x0000025074151130 JavaThread "Signal Dispatcher" daemon [_thread_blocked, id=36580, stack(0x00000075a9400000,0x00000075a9500000)]
  0x0000025074151a00 JavaThread "Attach Listener" daemon [_thread_blocked, id=16700, stack(0x00000075a9500000,0x00000075a9600000)]
  0x0000025074152e40 JavaThread "Service Thread" daemon [_thread_blocked, id=19368, stack(0x00000075a9600000,0x00000075a9700000)]
  0x0000025074154a20 JavaThread "Monitor Deflation Thread" daemon [_thread_blocked, id=4840, stack(0x00000075a9700000,0x00000075a9800000)]
  0x0000025074158940 JavaThread "C2 CompilerThread0" daemon [_thread_blocked, id=22352, stack(0x00000075a9800000,0x00000075a9900000)]
  0x000002507415faa0 JavaThread "C1 CompilerThread0" daemon [_thread_blocked, id=9968, stack(0x00000075a9900000,0x00000075a9a00000)]
  0x000002507415dc80 JavaThread "Sweeper thread" daemon [_thread_blocked, id=31296, stack(0x00000075a9a00000,0x00000075a9b00000)]
  0x00000250741fe290 JavaThread "C1 CompilerThread1" daemon [_thread_blocked, id=15744, stack(0x00000075a9b00000,0x00000075a9c00000)]
  0x00000250742f22d0 JavaThread "C1 CompilerThread2" daemon [_thread_blocked, id=6604, stack(0x00000075a9c00000,0x00000075a9d00000)]
  0x00000250742f27f0 JavaThread "C1 CompilerThread3" daemon [_thread_blocked, id=15928, stack(0x00000075a9d00000,0x00000075a9e00000)]
  0x000002507437b9b0 JavaThread "Notification Thread" daemon [_thread_blocked, id=24056, stack(0x00000075a9e00000,0x00000075a9f00000)]
  0x00000250742c12d0 JavaThread "Common-Cleaner" daemon [_thread_blocked, id=24484, stack(0x00000075aa000000,0x00000075aa100000)]
  0x00000250744a6f80 JavaThread "C2 CompilerThread1" daemon [_thread_blocked, id=33924, stack(0x00000075aa100000,0x00000075aa200000)]

Other Threads:
  0x000002507412d8b0 VMThread "VM Thread" [stack: 0x00000075a9100000,0x00000075a9200000] [id=28436]
  0x00000250742c0830 WatcherThread [stack: 0x00000075a9f00000,0x00000075aa000000] [id=35264]
  0x0000025018b11be0 GCTaskThread "GC Thread#0" [stack: 0x00000075a8c00000,0x00000075a8d00000] [id=26760]
  0x0000025018b14010 ConcurrentGCThread "G1 Main Marker" [stack: 0x00000075a8d00000,0x00000075a8e00000] [id=17380]
  0x0000025018b152a0 ConcurrentGCThread "G1 Conc#0" [stack: 0x00000075a8e00000,0x00000075a8f00000] [id=27840]
  0x0000025018b8f320 ConcurrentGCThread "G1 Refine#0" [stack: 0x00000075a8f00000,0x00000075a9000000] [id=17472]
  0x0000025018b92a30 ConcurrentGCThread "G1 Service" [stack: 0x00000075a9000000,0x00000075a9100000] [id=19480]

Threads with active compile tasks:

VM state: not at safepoint (normal execution)

VM Mutex/Monitor currently owned by a thread:  ([mutex/lock_event])
[0x000002501669c620] Metaspace_lock - owner thread: 0x0000025018aefba0

Heap address: 0x00000000fc000000, size: 64 MB, Compressed Oops mode: 32-bit

CDS archive(s) mapped at: [0x0000025033000000-0x0000025033bb0000-0x0000025033bb0000), size 12255232, SharedBaseAddress: 0x0000025033000000, ArchiveRelocationMode: 1.
Compressed class space mapped at: 0x0000025034000000-0x0000025074000000, reserved size: 1073741824
Narrow klass base: 0x0000025033000000, Narrow klass shift: 0, Narrow klass range: 0x100000000

GC Precious Log:
 CPUs: 16 total, 16 available
 Memory: 16159M
 Large Page Support: Disabled
 NUMA Support: Disabled
 Compressed Oops: Enabled (32-bit)
 Heap Region Size: 1M
 Heap Min Capacity: 64M
 Heap Initial Capacity: 64M
 Heap Max Capacity: 64M
 Pre-touch: Disabled
 Parallel Workers: 13
 Concurrent Workers: 3
 Concurrent Refinement Workers: 13
 Periodic GC: Disabled

Heap:
 garbage-first heap   total 65536K, used 4096K [0x00000000fc000000, 0x0000000100000000)
  region size 1024K, 5 young (5120K), 0 survivors (0K)
 Metaspace       used 1373K, committed 1472K, reserved 1114112K
  class space    used 132K, committed 192K, reserved 1048576K

Heap Regions: E=young(eden), S=young(survivor), O=old, HS=humongous(starts), HC=humongous(continues), CS=collection set, F=free, OA=open archive, CA=closed archive, TAMS=top-at-mark-start (previous, next)
|   0|0x00000000fc000000, 0x00000000fc000000, 0x00000000fc100000|  0%| F|  |TAMS 0x00000000fc000000, 0x00000000fc000000| Untracked 
|   1|0x00000000fc100000, 0x00000000fc100000, 0x00000000fc200000|  0%| F|  |TAMS 0x00000000fc100000, 0x00000000fc100000| Untracked 
|   2|0x00000000fc200000, 0x00000000fc200000, 0x00000000fc300000|  0%| F|  |TAMS 0x00000000fc200000, 0x00000000fc200000| Untracked 
|   3|0x00000000fc300000, 0x00000000fc300000, 0x00000000fc400000|  0%| F|  |TAMS 0x00000000fc300000, 0x00000000fc300000| Untracked 
|   4|0x00000000fc400000, 0x00000000fc400000, 0x00000000fc500000|  0%| F|  |TAMS 0x00000000fc400000, 0x00000000fc400000| Untracked 
|   5|0x00000000fc500000, 0x00000000fc500000, 0x00000000fc600000|  0%| F|  |TAMS 0x00000000fc500000, 0x00000000fc500000| Untracked 
|   6|0x00000000fc600000, 0x00000000fc600000, 0x00000000fc700000|  0%| F|  |TAMS 0x00000000fc600000, 0x00000000fc600000| Untracked 
|   7|0x00000000fc700000, 0x00000000fc700000, 0x00000000fc800000|  0%| F|  |TAMS 0x00000000fc700000, 0x00000000fc700000| Untracked 
|   8|0x00000000fc800000, 0x00000000fc800000, 0x00000000fc900000|  0%| F|  |TAMS 0x00000000fc800000, 0x00000000fc800000| Untracked 
|   9|0x00000000fc900000, 0x00000000fc900000, 0x00000000fca00000|  0%| F|  |TAMS 0x00000000fc900000, 0x00000000fc900000| Untracked 
|  10|0x00000000fca00000, 0x00000000fca00000, 0x00000000fcb00000|  0%| F|  |TAMS 0x00000000fca00000, 0x00000000fca00000| Untracked 
|  11|0x00000000fcb00000, 0x00000000fcb00000, 0x00000000fcc00000|  0%| F|  |TAMS 0x00000000fcb00000, 0x00000000fcb00000| Untracked 
|  12|0x00000000fcc00000, 0x00000000fcc00000, 0x00000000fcd00000|  0%| F|  |TAMS 0x00000000fcc00000, 0x00000000fcc00000| Untracked 
|  13|0x00000000fcd00000, 0x00000000fcd00000, 0x00000000fce00000|  0%| F|  |TAMS 0x00000000fcd00000, 0x00000000fcd00000| Untracked 
|  14|0x00000000fce00000, 0x00000000fce00000, 0x00000000fcf00000|  0%| F|  |TAMS 0x00000000fce00000, 0x00000000fce00000| Untracked 
|  15|0x00000000fcf00000, 0x00000000fcf00000, 0x00000000fd000000|  0%| F|  |TAMS 0x00000000fcf00000, 0x00000000fcf00000| Untracked 
|  16|0x00000000fd000000, 0x00000000fd000000, 0x00000000fd100000|  0%| F|  |TAMS 0x00000000fd000000, 0x00000000fd000000| Untracked 
|  17|0x00000000fd100000, 0x00000000fd100000, 0x00000000fd200000|  0%| F|  |TAMS 0x00000000fd100000, 0x00000000fd100000| Untracked 
|  18|0x00000000fd200000, 0x00000000fd200000, 0x00000000fd300000|  0%| F|  |TAMS 0x00000000fd200000, 0x00000000fd200000| Untracked 
|  19|0x00000000fd300000, 0x00000000fd300000, 0x00000000fd400000|  0%| F|  |TAMS 0x00000000fd300000, 0x00000000fd300000| Untracked 
|  20|0x00000000fd400000, 0x00000000fd400000, 0x00000000fd500000|  0%| F|  |TAMS 0x00000000fd400000, 0x00000000fd400000| Untracked 
|  21|0x00000000fd500000, 0x00000000fd500000, 0x00000000fd600000|  0%| F|  |TAMS 0x00000000fd500000, 0x00000000fd500000| Untracked 
|  22|0x00000000fd600000, 0x00000000fd600000, 0x00000000fd700000|  0%| F|  |TAMS 0x00000000fd600000, 0x00000000fd600000| Untracked 
|  23|0x00000000fd700000, 0x00000000fd700000, 0x00000000fd800000|  0%| F|  |TAMS 0x00000000fd700000, 0x00000000fd700000| Untracked 
|  24|0x00000000fd800000, 0x00000000fd800000, 0x00000000fd900000|  0%| F|  |TAMS 0x00000000fd800000, 0x00000000fd800000| Untracked 
|  25|0x00000000fd900000, 0x00000000fd900000, 0x00000000fda00000|  0%| F|  |TAMS 0x00000000fd900000, 0x00000000fd900000| Untracked 
|  26|0x00000000fda00000, 0x00000000fda00000, 0x00000000fdb00000|  0%| F|  |TAMS 0x00000000fda00000, 0x00000000fda00000| Untracked 
|  27|0x00000000fdb00000, 0x00000000fdb00000, 0x00000000fdc00000|  0%| F|  |TAMS 0x00000000fdb00000, 0x00000000fdb00000| Untracked 
|  28|0x00000000fdc00000, 0x00000000fdc00000, 0x00000000fdd00000|  0%| F|  |TAMS 0x00000000fdc00000, 0x00000000fdc00000| Untracked 
|  29|0x00000000fdd00000, 0x00000000fdd00000, 0x00000000fde00000|  0%| F|  |TAMS 0x00000000fdd00000, 0x00000000fdd00000| Untracked 
|  30|0x00000000fde00000, 0x00000000fde00000, 0x00000000fdf00000|  0%| F|  |TAMS 0x00000000fde00000, 0x00000000fde00000| Untracked 
|  31|0x00000000fdf00000, 0x00000000fdf00000, 0x00000000fe000000|  0%| F|  |TAMS 0x00000000fdf00000, 0x00000000fdf00000| Untracked 
|  32|0x00000000fe000000, 0x00000000fe000000, 0x00000000fe100000|  0%| F|  |TAMS 0x00000000fe000000, 0x00000000fe000000| Untracked 
|  33|0x00000000fe100000, 0x00000000fe100000, 0x00000000fe200000|  0%| F|  |TAMS 0x00000000fe100000, 0x00000000fe100000| Untracked 
|  34|0x00000000fe200000, 0x00000000fe200000, 0x00000000fe300000|  0%| F|  |TAMS 0x00000000fe200000, 0x00000000fe200000| Untracked 
|  35|0x00000000fe300000, 0x00000000fe300000, 0x00000000fe400000|  0%| F|  |TAMS 0x00000000fe300000, 0x00000000fe300000| Untracked 
|  36|0x00000000fe400000, 0x00000000fe400000, 0x00000000fe500000|  0%| F|  |TAMS 0x00000000fe400000, 0x00000000fe400000| Untracked 
|  37|0x00000000fe500000, 0x00000000fe500000, 0x00000000fe600000|  0%| F|  |TAMS 0x00000000fe500000, 0x00000000fe500000| Untracked 
|  38|0x00000000fe600000, 0x00000000fe600000, 0x00000000fe700000|  0%| F|  |TAMS 0x00000000fe600000, 0x00000000fe600000| Untracked 
|  39|0x00000000fe700000, 0x00000000fe700000, 0x00000000fe800000|  0%| F|  |TAMS 0x00000000fe700000, 0x00000000fe700000| Untracked 
|  40|0x00000000fe800000, 0x00000000fe800000, 0x00000000fe900000|  0%| F|  |TAMS 0x00000000fe800000, 0x00000000fe800000| Untracked 
|  41|0x00000000fe900000, 0x00000000fe900000, 0x00000000fea00000|  0%| F|  |TAMS 0x00000000fe900000, 0x00000000fe900000| Untracked 
|  42|0x00000000fea00000, 0x00000000fea00000, 0x00000000feb00000|  0%| F|  |TAMS 0x00000000fea00000, 0x00000000fea00000| Untracked 
|  43|0x00000000feb00000, 0x00000000feb00000, 0x00000000fec00000|  0%| F|  |TAMS 0x00000000feb00000, 0x00000000feb00000| Untracked 
|  44|0x00000000fec00000, 0x00000000fec00000, 0x00000000fed00000|  0%| F|  |TAMS 0x00000000fec00000, 0x00000000fec00000| Untracked 
|  45|0x00000000fed00000, 0x00000000fed00000, 0x00000000fee00000|  0%| F|  |TAMS 0x00000000fed00000, 0x00000000fed00000| Untracked 
|  46|0x00000000fee00000, 0x00000000fee00000, 0x00000000fef00000|  0%| F|  |TAMS 0x00000000fee00000, 0x00000000fee00000| Untracked 
|  47|0x00000000fef00000, 0x00000000fef00000, 0x00000000ff000000|  0%| F|  |TAMS 0x00000000fef00000, 0x00000000fef00000| Untracked 
|  48|0x00000000ff000000, 0x00000000ff000000, 0x00000000ff100000|  0%| F|  |TAMS 0x00000000ff000000, 0x00000000ff000000| Untracked 
|  49|0x00000000ff100000, 0x00000000ff100000, 0x00000000ff200000|  0%| F|  |TAMS 0x00000000ff100000, 0x00000000ff100000| Untracked 
|  50|0x00000000ff200000, 0x00000000ff200000, 0x00000000ff300000|  0%| F|  |TAMS 0x00000000ff200000, 0x00000000ff200000| Untracked 
|  51|0x00000000ff300000, 0x00000000ff300000, 0x00000000ff400000|  0%| F|  |TAMS 0x00000000ff300000, 0x00000000ff300000| Untracked 
|  52|0x00000000ff400000, 0x00000000ff400000, 0x00000000ff500000|  0%| F|  |TAMS 0x00000000ff400000, 0x00000000ff400000| Untracked 
|  53|0x00000000ff500000, 0x00000000ff500000, 0x00000000ff600000|  0%| F|  |TAMS 0x00000000ff500000, 0x00000000ff500000| Untracked 
|  54|0x00000000ff600000, 0x00000000ff600000, 0x00000000ff700000|  0%| F|  |TAMS 0x00000000ff600000, 0x00000000ff600000| Untracked 
|  55|0x00000000ff700000, 0x00000000ff700000, 0x00000000ff800000|  0%| F|  |TAMS 0x00000000ff700000, 0x00000000ff700000| Untracked 
|  56|0x00000000ff800000, 0x00000000ff800000, 0x00000000ff900000|  0%| F|  |TAMS 0x00000000ff800000, 0x00000000ff800000| Untracked 
|  57|0x00000000ff900000, 0x00000000ff900000, 0x00000000ffa00000|  0%| F|  |TAMS 0x00000000ff900000, 0x00000000ff900000| Untracked 
|  58|0x00000000ffa00000, 0x00000000ffa00000, 0x00000000ffb00000|  0%| F|  |TAMS 0x00000000ffa00000, 0x00000000ffa00000| Untracked 
|  59|0x00000000ffb00000, 0x00000000ffb75c58, 0x00000000ffc00000| 46%| E|  |TAMS 0x00000000ffb00000, 0x00000000ffb00000| Complete 
|  60|0x00000000ffc00000, 0x00000000ffd00000, 0x00000000ffd00000|100%| E|CS|TAMS 0x00000000ffc00000, 0x00000000ffc00000| Complete 
|  61|0x00000000ffd00000, 0x00000000ffe00000, 0x00000000ffe00000|100%| E|CS|TAMS 0x00000000ffd00000, 0x00000000ffd00000| Complete 
|  62|0x00000000ffe00000, 0x00000000fff00000, 0x00000000fff00000|100%| E|CS|TAMS 0x00000000ffe00000, 0x00000000ffe00000| Complete 
|  63|0x00000000fff00000, 0x0000000100000000, 0x0000000100000000|100%| E|CS|TAMS 0x00000000fff00000, 0x00000000fff00000| Complete 

Card table byte_map: [0x00000250189d0000,0x00000250189f0000] _byte_map_base: 0x00000250181f0000

Marking Bits (Prev, Next): (CMBitMap*) 0x0000025018b12210, (CMBitMap*) 0x0000025018b12250
 Prev Bits: [0x000002502fef0000, 0x000002502fff0000)
 Next Bits: [0x000002502fff0000, 0x00000250300f0000)

Polling page: 0x0000025016970000

Metaspace:

Usage:
  Non-class:      1.21 MB used.
      Class:    132.46 KB used.
       Both:      1.34 MB used.

Virtual space:
  Non-class space:       64.00 MB reserved,       1.25 MB (  2%) committed,  1 nodes.
      Class space:        1.00 GB reserved,     192.00 KB ( <1%) committed,  1 nodes.
             Both:        1.06 GB reserved,       1.44 MB ( <1%) committed. 

Chunk freelists:
   Non-Class:  11.87 MB
       Class:  15.72 MB
        Both:  27.59 MB

MaxMetaspaceSize: unlimited
CompressedClassSpaceSize: 1.00 GB
Initial GC threshold: 21.00 MB
Current GC threshold: 21.00 MB
CDS: on
MetaspaceReclaimPolicy: balanced
 - commit_granule_bytes: 65536.
 - commit_granule_words: 8192.
 - virtual_space_node_default_size: 8388608.
 - enlarge_chunks_in_place: 1.
 - new_chunks_are_fully_committed: 0.
 - uncommit_free_chunks: 1.
 - use_allocation_guard: 0.
 - handle_deallocations: 1.


Internal statistics:

num_allocs_failed_limit: 0.
num_arena_births: 10.
num_arena_deaths: 0.
num_vsnodes_births: 2.
num_vsnodes_deaths: 0.
num_space_committed: 23.
num_space_uncommitted: 0.
num_chunks_returned_to_freelist: 0.
num_chunks_taken_from_freelist: 24.
num_chunk_merges: 0.
num_chunk_splits: 13.
num_chunks_enlarged: 9.
num_inconsistent_stats: 0.

CodeHeap 'non-profiled nmethods': size=119168Kb used=75Kb max_used=75Kb free=119092Kb
 bounds [0x0000025028200000, 0x0000025028470000, 0x000002502f660000]
CodeHeap 'profiled nmethods': size=119104Kb used=451Kb max_used=451Kb free=118652Kb
 bounds [0x0000025020660000, 0x00000250208d0000, 0x0000025027ab0000]
CodeHeap 'non-nmethods': size=7488Kb used=2810Kb max_used=2825Kb free=4677Kb
 bounds [0x0000025027ab0000, 0x0000025027d80000, 0x0000025028200000]
 total_blobs=678 nmethods=275 adapters=313
 compilation: enabled
              stopped_count=0, restarted_count=0
 full_count=0

Compilation events (20 events):
Event: 0.111 Thread 0x000002507415faa0  261       1       java.security.ProtectionDomain::getCodeSource (5 bytes)
Event: 0.111 Thread 0x00000250742f27f0 nmethod 260 0x00000250206cd410 code [0x00000250206cd640, 0x00000250206cde98]
Event: 0.111 Thread 0x000002507415faa0 nmethod 261 0x0000025028210b90 code [0x0000025028210d20, 0x0000025028210df8]
Event: 0.112 Thread 0x00000250744a6f80  262       4       java.util.zip.ZipCoder$UTF8ZipCoder::checkedHash (91 bytes)
Event: 0.112 Thread 0x00000250742f22d0  263       3       java.lang.StringCoding::hasNegatives (25 bytes)
Event: 0.113 Thread 0x00000250742f22d0 nmethod 263 0x00000250206ce190 code [0x00000250206ce340, 0x00000250206ce578]
Event: 0.115 Thread 0x00000250742f22d0  267       1       java.util.jar.Attributes$Name::hashCode (5 bytes)
Event: 0.115 Thread 0x00000250742f22d0 nmethod 267 0x0000025028211b10 code [0x0000025028211ca0, 0x0000025028211d78]
Event: 0.115 Thread 0x0000025074158940  268 %     4       java.lang.StringLatin1::indexOfChar @ 7 (33 bytes)
Event: 0.115 Thread 0x00000250744a6f80 nmethod 262 0x0000025028211e10 code [0x0000025028211fa0, 0x0000025028212278]
Event: 0.115 Thread 0x00000250742f27f0  269       3       java.lang.String::startsWith (7 bytes)
Event: 0.115 Thread 0x00000250742f27f0 nmethod 269 0x00000250206ce690 code [0x00000250206ce840, 0x00000250206ce988]
Event: 0.115 Thread 0x00000250742f27f0  270       1       java.lang.String::value (5 bytes)
Event: 0.115 Thread 0x00000250742f27f0 nmethod 270 0x0000025028212410 code [0x00000250282125a0, 0x0000025028212678]
Event: 0.116 Thread 0x00000250742f27f0  272       3       java.lang.invoke.MethodType::checkSlotCount (33 bytes)
Event: 0.116 Thread 0x00000250742f22d0  273       3       java.lang.invoke.MethodType::parameterType (7 bytes)
Event: 0.116 Thread 0x00000250742f22d0 nmethod 273 0x00000250206cea10 code [0x00000250206ceba0, 0x00000250206cecd8]
Event: 0.116 Thread 0x00000250742f27f0 nmethod 272 0x00000250206ced90 code [0x00000250206cefc0, 0x00000250206cf658]
Event: 0.116 Thread 0x00000250742f22d0  274       3       jdk.internal.org.objectweb.asm.ByteVector::putUTF8 (144 bytes)
Event: 0.116 Thread 0x000002507415faa0  275       3       jdk.internal.org.objectweb.asm.SymbolTable::get (13 bytes)

GC Heap History (0 events):
No events

Dll operation events (5 events):
Event: 0.009 Loaded shared library C:\Program Files\Microsoft\jdk-17.0.17.10-hotspot\bin\java.dll
Event: 0.023 Loaded shared library C:\Program Files\Microsoft\jdk-17.0.17.10-hotspot\bin\jsvml.dll
Event: 0.046 Loaded shared library C:\Program Files\Microsoft\jdk-17.0.17.10-hotspot\bin\net.dll
Event: 0.049 Loaded shared library C:\Program Files\Microsoft\jdk-17.0.17.10-hotspot\bin\nio.dll
Event: 0.051 Loaded shared library C:\Program Files\Microsoft\jdk-17.0.17.10-hotspot\bin\zip.dll

Deoptimization events (0 events):
No events

Classes loaded (20 events):
Event: 0.104 Loading class sun/net/www/protocol/file/FileURLConnection
Event: 0.104 Loading class sun/net/www/URLConnection
Event: 0.104 Loading class java/net/URLConnection
Event: 0.107 Loading class java/net/URLConnection done
Event: 0.107 Loading class sun/net/www/URLConnection done
Event: 0.107 Loading class sun/net/www/protocol/file/FileURLConnection done
Event: 0.107 Loading class sun/net/www/MessageHeader
Event: 0.107 Loading class sun/net/www/MessageHeader done
Event: 0.108 Loading class java/io/FilePermission$1
Event: 0.108 Loading class jdk/internal/access/JavaIOFilePermissionAccess
Event: 0.108 Loading class jdk/internal/access/JavaIOFilePermissionAccess done
Event: 0.108 Loading class java/io/FilePermission$1 done
Event: 0.108 Loading class java/io/FilePermissionCollection
Event: 0.108 Loading class java/io/FilePermissionCollection done
Event: 0.108 Loading class java/util/Vector
Event: 0.108 Loading class java/util/Vector done
Event: 0.108 Loading class java/io/FilePermissionCollection$1
Event: 0.108 Loading class java/io/FilePermissionCollection$1 done
Event: 0.115 Loading class java/io/UncheckedIOException
Event: 0.115 Loading class java/io/UncheckedIOException done

Classes unloaded (0 events):
No events

Classes redefined (0 events):
No events

Internal exceptions (1 events):
Event: 0.116 Thread 0x0000025018aefba0 Exception <a 'java/lang/NoSuchMethodError'{0x00000000ffb5c208}: 'int java.lang.invoke.DirectMethodHandle$Holder.invokeStaticInit(java.lang.Object, java.lang.Object)'> (0x00000000ffb5c208) 
thrown [s\src\hotspot\share\interpreter\linkResolver.cpp, line 759]

VM Operations (2 events):
Event: 0.052 Executing VM operation: HandshakeAllThreads
Event: 0.052 Executing VM operation: HandshakeAllThreads done

Memory protections (0 events):
No events

Nmethod flushes (0 events):
No events

Events (16 events):
Event: 0.023 Thread 0x0000025018aefba0 Thread added: 0x0000025018aefba0
Event: 0.025 Thread 0x0000025018aefba0 Thread added: 0x0000025074133ff0
Event: 0.025 Thread 0x0000025018aefba0 Thread added: 0x0000025074135500
Event: 0.033 Thread 0x0000025018aefba0 Thread added: 0x0000025074151130
Event: 0.033 Thread 0x0000025018aefba0 Thread added: 0x0000025074151a00
Event: 0.033 Thread 0x0000025018aefba0 Thread added: 0x0000025074152e40
Event: 0.033 Thread 0x0000025018aefba0 Thread added: 0x0000025074154a20
Event: 0.033 Thread 0x0000025018aefba0 Thread added: 0x0000025074158940
Event: 0.033 Thread 0x0000025018aefba0 Thread added: 0x000002507415faa0
Event: 0.033 Thread 0x0000025018aefba0 Thread added: 0x000002507415dc80
Event: 0.039 Thread 0x000002507415faa0 Thread added: 0x00000250741fe290
Event: 0.041 Thread 0x000002507415faa0 Thread added: 0x00000250742f22d0
Event: 0.041 Thread 0x000002507415faa0 Thread added: 0x00000250742f27f0
Event: 0.042 Thread 0x0000025018aefba0 Thread added: 0x000002507437b9b0
Event: 0.043 Thread 0x0000025018aefba0 Thread added: 0x00000250742c12d0
Event: 0.101 Thread 0x0000025074158940 Thread added: 0x00000250744a6f80


Dynamic libraries:
0x00007ff625310000 - 0x00007ff62531e000 	C:\Program Files\Microsoft\jdk-17.0.17.10-hotspot\bin\java.exe
0x00007ffff9620000 - 0x00007ffff9888000 	C:\WINDOWS\SYSTEM32\ntdll.dll
0x00007fffdc460000 - 0x00007fffdc480000 	C:\Program Files\Avast Software\Avast\aswhook.dll
0x00007ffff85e0000 - 0x00007ffff86a9000 	C:\WINDOWS\System32\KERNEL32.DLL
0x00007ffff6d90000 - 0x00007ffff7188000 	C:\WINDOWS\System32\KERNELBASE.dll
0x00007ffff6800000 - 0x00007ffff694b000 	C:\WINDOWS\System32\ucrtbase.dll
0x00007fffd47f0000 - 0x00007fffd4808000 	C:\Program Files\Microsoft\jdk-17.0.17.10-hotspot\bin\jli.dll
0x00007fffc8ed0000 - 0x00007fffc8eee000 	C:\Program Files\Microsoft\jdk-17.0.17.10-hotspot\bin\VCRUNTIME140.dll
0x00007ffff8f00000 - 0x00007ffff90c7000 	C:\WINDOWS\System32\USER32.dll
0x00007ffff6a00000 - 0x00007ffff6a27000 	C:\WINDOWS\System32\win32u.dll
0x00007fffc8730000 - 0x00007fffc89c4000 	C:\WINDOWS\WinSxS\amd64_microsoft.windows.common-controls_6595b64144ccf1df_6.0.26100.7019_none_3e06ffa0e335b8a8\COMCTL32.dll
0x00007ffff76d0000 - 0x00007ffff76fb000 	C:\WINDOWS\System32\GDI32.dll
0x00007ffff9490000 - 0x00007ffff9539000 	C:\WINDOWS\System32\msvcrt.dll
0x00007ffff6ba0000 - 0x00007ffff6ccc000 	C:\WINDOWS\System32\gdi32full.dll
0x00007ffff6950000 - 0x00007ffff69f3000 	C:\WINDOWS\System32\msvcp_win.dll
0x00007ffff8550000 - 0x00007ffff8581000 	C:\WINDOWS\System32\IMM32.DLL
0x00007fffd8dd0000 - 0x00007fffd8ddc000 	C:\Program Files\Microsoft\jdk-17.0.17.10-hotspot\bin\vcruntime140_1.dll
0x00007fffb1ca0000 - 0x00007fffb1d29000 	C:\Program Files\Microsoft\jdk-17.0.17.10-hotspot\bin\msvcp140.dll
0x00007fff7de70000 - 0x00007fff7eaea000 	C:\Program Files\Microsoft\jdk-17.0.17.10-hotspot\bin\server\jvm.dll
0x00007ffff7610000 - 0x00007ffff76c4000 	C:\WINDOWS\System32\ADVAPI32.dll
0x00007ffff86e0000 - 0x00007ffff8786000 	C:\WINDOWS\System32\sechost.dll
0x00007ffff8430000 - 0x00007ffff8548000 	C:\WINDOWS\System32\RPCRT4.dll
0x00007ffff8e80000 - 0x00007ffff8ef4000 	C:\WINDOWS\System32\WS2_32.dll
0x00007ffff65d0000 - 0x00007ffff662e000 	C:\WINDOWS\SYSTEM32\POWRPROF.dll
0x00007fffe2bd0000 - 0x00007fffe2c05000 	C:\WINDOWS\SYSTEM32\WINMM.dll
0x00007ffff0740000 - 0x00007ffff074b000 	C:\WINDOWS\SYSTEM32\VERSION.dll
0x00007ffff65b0000 - 0x00007ffff65c4000 	C:\WINDOWS\SYSTEM32\UMPDC.dll
0x00007ffff5500000 - 0x00007ffff551b000 	C:\WINDOWS\SYSTEM32\kernel.appcore.dll
0x00007fffd8140000 - 0x00007fffd814a000 	C:\Program Files\Microsoft\jdk-17.0.17.10-hotspot\bin\jimage.dll
0x00007ffff3dd0000 - 0x00007ffff4012000 	C:\WINDOWS\SYSTEM32\DBGHELP.DLL
0x00007ffff7f20000 - 0x00007ffff82ab000 	C:\WINDOWS\System32\combase.dll
0x00007ffff9240000 - 0x00007ffff9317000 	C:\WINDOWS\System32\OLEAUT32.dll
0x00007fffe8170000 - 0x00007fffe81ac000 	C:\WINDOWS\SYSTEM32\dbgcore.DLL
0x00007ffff7310000 - 0x00007ffff73b5000 	C:\WINDOWS\System32\bcryptPrimitives.dll
0x00007fffb4130000 - 0x00007fffb4156000 	C:\Program Files\Microsoft\jdk-17.0.17.10-hotspot\bin\java.dll
0x00007fff9f1e0000 - 0x00007fff9f2b6000 	C:\Program Files\Microsoft\jdk-17.0.17.10-hotspot\bin\jsvml.dll
0x00007ffff7700000 - 0x00007ffff7e4f000 	C:\WINDOWS\System32\SHELL32.dll
0x00007ffff6a30000 - 0x00007ffff6b9b000 	C:\WINDOWS\System32\wintypes.dll
0x00007ffff4370000 - 0x00007ffff4bcd000 	C:\WINDOWS\SYSTEM32\windows.storage.dll
0x00007ffff8330000 - 0x00007ffff8422000 	C:\WINDOWS\System32\SHCORE.dll
0x00007ffff9420000 - 0x00007ffff9487000 	C:\WINDOWS\System32\shlwapi.dll
0x00007ffff6690000 - 0x00007ffff66b9000 	C:\WINDOWS\SYSTEM32\profapi.dll
0x00007fffb5c10000 - 0x00007fffb5c2b000 	C:\Program Files\Microsoft\jdk-17.0.17.10-hotspot\bin\net.dll
0x00007fffef640000 - 0x00007fffef768000 	C:\WINDOWS\SYSTEM32\WINHTTP.dll
0x00007ffff5aa0000 - 0x00007ffff5b0b000 	C:\WINDOWS\system32\mswsock.dll
0x00007fffb4110000 - 0x00007fffb4126000 	C:\Program Files\Microsoft\jdk-17.0.17.10-hotspot\bin\nio.dll
0x00007fffb2d50000 - 0x00007fffb2d68000 	C:\Program Files\Microsoft\jdk-17.0.17.10-hotspot\bin\zip.dll

dbghelp: loaded successfully - version: 4.0.5 - missing functions: none
symbol engine: initialized successfully - sym options: 0x614 - pdb path: .;C:\Program Files\Microsoft\jdk-17.0.17.10-hotspot\bin;C:\WINDOWS\SYSTEM32;C:\Program Files\Avast Software\Avast;C:\WINDOWS\WinSxS\amd64_microsoft.windows.common-controls_6595b64144ccf1df_6.0.26100.7019_none_3e06ffa0e335b8a8;C:\Program Files\Microsoft\jdk-17.0.17.10-hotspot\bin\server

VM Arguments:
jvm_args: -Xmx64m -Xms64m -Dorg.gradle.appname=gradlew 
java_command: E:\Stylinx\android\\gradle\wrapper\gradle-wrapper.jar app:installDebug -PreactNativeDevServerPort=8081
java_class_path (initial): E:\Stylinx\android\\gradle\wrapper\gradle-wrapper.jar
Launcher Type: SUN_STANDARD

[Global flags]
     intx CICompilerCount                          = 12                                        {product} {ergonomic}
     uint ConcGCThreads                            = 3                                         {product} {ergonomic}
     uint G1ConcRefinementThreads                  = 13                                        {product} {ergonomic}
   size_t G1HeapRegionSize                         = 1048576                                   {product} {ergonomic}
    uintx GCDrainStackTargetSize                   = 64                                        {product} {ergonomic}
   size_t InitialHeapSize                          = 67108864                                  {product} {command line}
   size_t MarkStackSize                            = 4194304                                   {product} {ergonomic}
   size_t MaxHeapSize                              = 67108864                                  {product} {command line}
   size_t MaxNewSize                               = 39845888                                  {product} {ergonomic}
   size_t MinHeapDeltaBytes                        = 1048576                                   {product} {ergonomic}
   size_t MinHeapSize                              = 67108864                                  {product} {command line}
    uintx NonNMethodCodeHeapSize                   = 7602480                                {pd product} {ergonomic}
    uintx NonProfiledCodeHeapSize                  = 122027880                              {pd product} {ergonomic}
    uintx ProfiledCodeHeapSize                     = 122027880                              {pd product} {ergonomic}
    uintx ReservedCodeCacheSize                    = 251658240                              {pd product} {ergonomic}
     bool SegmentedCodeCache                       = true                                      {product} {ergonomic}
   size_t SoftMaxHeapSize                          = 67108864                               {manageable} {ergonomic}
     bool UseCompressedClassPointers               = true                           {product lp64_product} {ergonomic}
     bool UseCompressedOops                        = true                           {product lp64_product} {ergonomic}
     bool UseG1GC                                  = true                                      {product} {ergonomic}
     bool UseLargePagesIndividualAllocation        = false                                  {pd product} {ergonomic}

Logging:
Log output configuration:
 #0: stdout all=warning uptime,level,tags
 #1: stderr all=off uptime,level,tags

Environment Variables:
JAVA_HOME=C:\Program Files\Microsoft\jdk-17.0.17.10-hotspot\
PATH=E:\Stylinx\node_modules\.bin;E:\node_modules\.bin;C:\Program Files\nodejs\node_modules\npm\node_modules\@npmcli\run-script\lib\node-gyp-bin;C:\Program Files\Microsoft\jdk-17.0.17.10-hotspot\bin;C:\Python313\Scripts\;C:\Python313\;C:\Program Files\Zulu\zulu-18\bin\;C:\windows\system32;C:\windows;C:\windows\System32\Wbem;C:\windows\System32\WindowsPowerShell\v1.0\;C:\windows\System32\OpenSSH\;C:\Program Files (x86)\NVIDIA Corporation\PhysX\Common;C:\Program Files\NVIDIA Corporation\NVIDIA NvDLISR;C:\WINDOWS\system32;C:\WINDOWS;C:\WINDOWS\System32\Wbem;C:\WINDOWS\System32\WindowsPowerShell\v1.0\;C:\WINDOWS\System32\OpenSSH\;C:\ProgramData\chocolatey\bin;%NVM_HOME%;%NVM_SYMLINK%;C:\Program Files\Git\cmd;C:\Program Files\nodejs\;C:\Users\skulw\AppData\Local\Microsoft\WindowsApps;C:\Users\skulw\AppData\Local\Programs\Microsoft VS Code\bin;C:\Users\skulw\AppData\Local\nvm;C:\nvm4w\nodejs;C:\Users\skulw\AppData\Roaming\npm
USERNAME=skulw
LANG=en_US.UTF-8
OS=Windows_NT
PROCESSOR_IDENTIFIER=Intel64 Family 6 Model 165 Stepping 2, GenuineIntel
TMP=C:\Users\skulw\AppData\Local\Temp
TEMP=C:\Users\skulw\AppData\Local\Temp



Periodic native trim disabled


---------------  S Y S T E M  ---------------

OS:
 Windows 11 , 64 bit Build 26100 (10.0.26100.7019)
OS uptime: 15 days 22:06 hours
Hyper-V role detected

CPU: total 16 (initial active 16) (8 cores per cpu, 2 threads per core) family 6 model 165 stepping 2 microcode 0xf0, cx8, cmov, fxsr, ht, mmx, 3dnowpref, sse, sse2, sse3, ssse3, sse4.1, sse4.2, popcnt, lzcnt, tsc, tscinvbit, avx, avx2, aes, erms, clmul, bmi1, bmi2, adx, fma, vzeroupper, clflush, clflushopt, hv
Processor Information for the first 16 processors :
  Max Mhz: 2208, Current Mhz: 2208, Mhz Limit: 2208

Memory: 4k page, system-wide physical 16159M (2533M free)
TotalPageFile size 17498M (AvailPageFile size 3M)
current process WorkingSet (physical memory assigned to process): 43M, peak: 43M
current process commit charge ("private bytes"): 157M, peak: 157M

vm_info: OpenJDK 64-Bit Server VM (17.0.17+10-LTS) for windows-amd64 JRE (17.0.17+10-LTS), built on Oct 13 2025 22:19:56 by "MicrosoftCorporation" with unknown MS VC++:1944

END.
