#
# There is insufficient memory for the Java Runtime Environment to continue.
# Native memory allocation (mmap) failed to map 67108864 bytes. Error detail: G1 virtual space
# Possible reasons:
#   The system is out of physical RAM or swap space
#   This process is running with CompressedOops enabled, and the Java Heap may be blocking the growth of the native heap
# Possible solutions:
#   Reduce memory load on the system
#   Increase physical memory or swap space
#   Check if swap backing store is full
#   Decrease Java heap size (-Xmx/-Xms)
#   Decrease number of Java threads
#   Decrease Java thread stack sizes (-Xss)
#   Set larger code cache with -XX:ReservedCodeCacheSize=
#   JVM is running with Unscaled Compressed Oops mode in which the Java heap is
#     placed in the first 4GB address space. The Java Heap base address is the
#     maximum limit for the native heap growth. Please use -XX:HeapBaseMinAddress
#     to set the Java Heap base and to place the Java Heap above 4GB virtual address.
# This output file may be truncated or incomplete.
#
#  Out of Memory Error (os_windows.cpp:3690), pid=25244, tid=12724
#
# JRE version:  (17.0.17+10) (build )
# Java VM: OpenJDK 64-Bit Server VM (17.0.17+10-LTS, mixed mode, sharing, tiered, compressed oops, compressed class ptrs, g1 gc, windows-amd64)
# No core dump will be written. Minidumps are not enabled by default on client versions of Windows
#

---------------  S U M M A R Y ------------

Command Line: -Xmx64m -Xms64m -Dorg.gradle.appname=gradlew E:\Stylinx\android\\gradle\wrapper\gradle-wrapper.jar app:installDebug -PreactNativeDevServerPort=8081

Host: Intel(R) Core(TM) i7-10870H CPU @ 2.20GHz, 16 cores, 15G,  Windows 11 , 64 bit Build 26100 (10.0.26100.7019)
Time: Sat Dec  6 20:59:00 2025 India Standard Time elapsed time: 0.019420 seconds (0d 0h 0m 0s)

---------------  T H R E A D  ---------------

Current thread (0x000001c625cfea20):  JavaThread "Unknown thread" [_thread_in_vm, id=12724, stack(0x0000009786400000,0x0000009786500000)]

Stack: [0x0000009786400000,0x0000009786500000]
Native frames: (J=compiled Java code, j=interpreted, Vv=VM code, C=native code)
V  [jvm.dll+0x68c459]  (no source info available)
V  [jvm.dll+0x845e09]  (no source info available)
V  [jvm.dll+0x847b78]  (no source info available)
V  [jvm.dll+0x848203]  (no source info available)
V  [jvm.dll+0x24cf6f]  (no source info available)
V  [jvm.dll+0x68b859]  (no source info available)
V  [jvm.dll+0x67fe1a]  (no source info available)
V  [jvm.dll+0x3100f0]  (no source info available)
V  [jvm.dll+0x30ff92]  (no source info available)
V  [jvm.dll+0x3174e9]  (no source info available)
V  [jvm.dll+0x3697c9]  (no source info available)
V  [jvm.dll+0x3699fd]  (no source info available)
V  [jvm.dll+0x2e68fa]  (no source info available)
V  [jvm.dll+0x2e7808]  (no source info available)
V  [jvm.dll+0x8182be]  (no source info available)
V  [jvm.dll+0x377431]  (no source info available)
V  [jvm.dll+0x7f6905]  (no source info available)
V  [jvm.dll+0x3fd2ab]  (no source info available)
V  [jvm.dll+0x3feee1]  (no source info available)
C  [jli.dll+0x52f0]  (no source info available)
C  [ucrtbase.dll+0x37b0]  (no source info available)
C  [KERNEL32.DLL+0x2e8d7]  (no source info available)
C  [ntdll.dll+0x8c53c]  (no source info available)


---------------  P R O C E S S  ---------------

Threads class SMR info:
_java_thread_list=0x00007fff4d197018, length=0, elements={
}

Java Threads: ( => current thread )

Other Threads:
  0x000001c627751820 GCTaskThread "GC Thread#0" [stack: 0x0000009786500000,0x0000009786600000] [id=33528]
  0x000001c6277530e0 ConcurrentGCThread "G1 Main Marker" [stack: 0x0000009786600000,0x0000009786700000] [id=29104]
  0x000001c627754ee0 ConcurrentGCThread "G1 Conc#0" [stack: 0x0000009786700000,0x0000009786800000] [id=4024]

[error occurred during error reporting (printing all threads), id 0xc0000005, EXCEPTION_ACCESS_VIOLATION (0xc0000005) at pc=0x00007fff4c947437]

VM state: not at safepoint (not fully initialized)

VM Mutex/Monitor currently owned by a thread:  ([mutex/lock_event])
[0x000001c62772cd40] Heap_lock - owner thread: 0x000001c625cfea20

Heap address: 0x00000000fc000000, size: 64 MB, Compressed Oops mode: 32-bit

CDS archive(s) mapped at: [0x0000000000000000-0x0000000000000000-0x0000000000000000), size 0, SharedBaseAddress: 0x0000000800000000, ArchiveRelocationMode: 1.
Narrow klass base: 0x0000000000000000, Narrow klass shift: 0, Narrow klass range: 0x0

GC Precious Log:
<Empty>

Heap:
 garbage-first heap   total 0K, used 0K [0x00000000fc000000, 0x0000000100000000)
  region size 1024K, 0 young (0K), 0 survivors (0K)

[error occurred during error reporting (printing heap information), id 0xc0000005, EXCEPTION_ACCESS_VIOLATION (0xc0000005) at pc=0x00007fff4cd38509]

GC Heap History (0 events):
No events

Dll operation events (1 events):
Event: 0.009 Loaded shared library C:\Program Files\Microsoft\jdk-17.0.17.10-hotspot\bin\java.dll

Deoptimization events (0 events):
No events

Classes loaded (0 events):
No events

Classes unloaded (0 events):
No events

Classes redefined (0 events):
No events

Internal exceptions (0 events):
No events

VM Operations (0 events):
No events

Memory protections (0 events):
No events

Nmethod flushes (0 events):
No events

Events (0 events):
No events


Dynamic libraries:
0x00007ff625310000 - 0x00007ff62531e000 	C:\Program Files\Microsoft\jdk-17.0.17.10-hotspot\bin\java.exe
0x00007ffff9620000 - 0x00007ffff9888000 	C:\WINDOWS\SYSTEM32\ntdll.dll
0x00007fffdc460000 - 0x00007fffdc480000 	C:\Program Files\Avast Software\Avast\aswhook.dll
0x00007ffff85e0000 - 0x00007ffff86a9000 	C:\WINDOWS\System32\KERNEL32.DLL
0x00007ffff6d90000 - 0x00007ffff7188000 	C:\WINDOWS\System32\KERNELBASE.dll
0x00007ffff6800000 - 0x00007ffff694b000 	C:\WINDOWS\System32\ucrtbase.dll
0x00007fff8af90000 - 0x00007fff8afa8000 	C:\Program Files\Microsoft\jdk-17.0.17.10-hotspot\bin\jli.dll
0x00007fffb1c20000 - 0x00007fffb1c3e000 	C:\Program Files\Microsoft\jdk-17.0.17.10-hotspot\bin\VCRUNTIME140.dll
0x00007ffff8f00000 - 0x00007ffff90c7000 	C:\WINDOWS\System32\USER32.dll
0x00007ffff6a00000 - 0x00007ffff6a27000 	C:\WINDOWS\System32\win32u.dll
0x00007fffc8730000 - 0x00007fffc89c4000 	C:\WINDOWS\WinSxS\amd64_microsoft.windows.common-controls_6595b64144ccf1df_6.0.26100.7019_none_3e06ffa0e335b8a8\COMCTL32.dll
0x00007ffff76d0000 - 0x00007ffff76fb000 	C:\WINDOWS\System32\GDI32.dll
0x00007ffff9490000 - 0x00007ffff9539000 	C:\WINDOWS\System32\msvcrt.dll
0x00007ffff6ba0000 - 0x00007ffff6ccc000 	C:\WINDOWS\System32\gdi32full.dll
0x00007ffff6950000 - 0x00007ffff69f3000 	C:\WINDOWS\System32\msvcp_win.dll
0x00007ffff8550000 - 0x00007ffff8581000 	C:\WINDOWS\System32\IMM32.DLL
0x00007fffd8140000 - 0x00007fffd814c000 	C:\Program Files\Microsoft\jdk-17.0.17.10-hotspot\bin\vcruntime140_1.dll
0x00007fff8af00000 - 0x00007fff8af89000 	C:\Program Files\Microsoft\jdk-17.0.17.10-hotspot\bin\msvcp140.dll
0x00007fff4c650000 - 0x00007fff4d2ca000 	C:\Program Files\Microsoft\jdk-17.0.17.10-hotspot\bin\server\jvm.dll
0x00007ffff7610000 - 0x00007ffff76c4000 	C:\WINDOWS\System32\ADVAPI32.dll
0x00007ffff86e0000 - 0x00007ffff8786000 	C:\WINDOWS\System32\sechost.dll
0x00007ffff8430000 - 0x00007ffff8548000 	C:\WINDOWS\System32\RPCRT4.dll
0x00007ffff8e80000 - 0x00007ffff8ef4000 	C:\WINDOWS\System32\WS2_32.dll
0x00007ffff65d0000 - 0x00007ffff662e000 	C:\WINDOWS\SYSTEM32\POWRPROF.dll
0x00007ffff0740000 - 0x00007ffff074b000 	C:\WINDOWS\SYSTEM32\VERSION.dll
0x00007fffe2bd0000 - 0x00007fffe2c05000 	C:\WINDOWS\SYSTEM32\WINMM.dll
0x00007ffff65b0000 - 0x00007ffff65c4000 	C:\WINDOWS\SYSTEM32\UMPDC.dll
0x00007ffff5500000 - 0x00007ffff551b000 	C:\WINDOWS\SYSTEM32\kernel.appcore.dll
0x00007fffd7e00000 - 0x00007fffd7e0a000 	C:\Program Files\Microsoft\jdk-17.0.17.10-hotspot\bin\jimage.dll
0x00007ffff3dd0000 - 0x00007ffff4012000 	C:\WINDOWS\SYSTEM32\DBGHELP.DLL
0x00007ffff7f20000 - 0x00007ffff82ab000 	C:\WINDOWS\System32\combase.dll
0x00007ffff9240000 - 0x00007ffff9317000 	C:\WINDOWS\System32\OLEAUT32.dll
0x00007fffe8170000 - 0x00007fffe81ac000 	C:\WINDOWS\SYSTEM32\dbgcore.DLL
0x00007ffff7310000 - 0x00007ffff73b5000 	C:\WINDOWS\System32\bcryptPrimitives.dll
0x00007fff88370000 - 0x00007fff88396000 	C:\Program Files\Microsoft\jdk-17.0.17.10-hotspot\bin\java.dll

dbghelp: loaded successfully - version: 4.0.5 - missing functions: none
symbol engine: initialized successfully - sym options: 0x614 - pdb path: .;C:\Program Files\Microsoft\jdk-17.0.17.10-hotspot\bin;C:\WINDOWS\SYSTEM32;C:\Program Files\Avast Software\Avast;C:\WINDOWS\WinSxS\amd64_microsoft.windows.common-controls_6595b64144ccf1df_6.0.26100.7019_none_3e06ffa0e335b8a8;C:\Program Files\Microsoft\jdk-17.0.17.10-hotspot\bin\server

VM Arguments:
jvm_args: -Xmx64m -Xms64m -Dorg.gradle.appname=gradlew 
java_command: E:\Stylinx\android\\gradle\wrapper\gradle-wrapper.jar app:installDebug -PreactNativeDevServerPort=8081
java_class_path (initial): E:\Stylinx\android\\gradle\wrapper\gradle-wrapper.jar
Launcher Type: SUN_STANDARD

[Global flags]
     intx CICompilerCount                          = 12                                        {product} {ergonomic}
     uint ConcGCThreads                            = 3                                         {product} {ergonomic}
     uint G1ConcRefinementThreads                  = 13                                        {product} {ergonomic}
   size_t G1HeapRegionSize                         = 1048576                                   {product} {ergonomic}
    uintx GCDrainStackTargetSize                   = 64                                        {product} {ergonomic}
   size_t InitialHeapSize                          = 67108864                                  {product} {command line}
   size_t MarkStackSize                            = 4194304                                   {product} {ergonomic}
   size_t MaxHeapSize                              = 67108864                                  {product} {command line}
   size_t MinHeapDeltaBytes                        = 1048576                                   {product} {ergonomic}
   size_t MinHeapSize                              = 67108864                                  {product} {command line}
    uintx NonNMethodCodeHeapSize                   = 7602480                                {pd product} {ergonomic}
    uintx NonProfiledCodeHeapSize                  = 122027880                              {pd product} {ergonomic}
    uintx ProfiledCodeHeapSize                     = 122027880                              {pd product} {ergonomic}
    uintx ReservedCodeCacheSize                    = 251658240                              {pd product} {ergonomic}
     bool SegmentedCodeCache                       = true                                      {product} {ergonomic}
   size_t SoftMaxHeapSize                          = 67108864                               {manageable} {ergonomic}
     bool UseCompressedClassPointers               = true                           {product lp64_product} {ergonomic}
     bool UseCompressedOops                        = true                           {product lp64_product} {ergonomic}
     bool UseG1GC                                  = true                                      {product} {ergonomic}
     bool UseLargePagesIndividualAllocation        = false                                  {pd product} {ergonomic}

Logging:
Log output configuration:
 #0: stdout all=warning uptime,level,tags
 #1: stderr all=off uptime,level,tags

Environment Variables:
JAVA_HOME=C:\Program Files\Microsoft\jdk-17.0.17.10-hotspot\
PATH=E:\Stylinx\node_modules\.bin;E:\node_modules\.bin;C:\Program Files\nodejs\node_modules\npm\node_modules\@npmcli\run-script\lib\node-gyp-bin;C:\Program Files\Microsoft\jdk-17.0.17.10-hotspot\bin;C:\Python313\Scripts\;C:\Python313\;C:\Program Files\Zulu\zulu-18\bin\;C:\windows\system32;C:\windows;C:\windows\System32\Wbem;C:\windows\System32\WindowsPowerShell\v1.0\;C:\windows\System32\OpenSSH\;C:\Program Files (x86)\NVIDIA Corporation\PhysX\Common;C:\Program Files\NVIDIA Corporation\NVIDIA NvDLISR;C:\WINDOWS\system32;C:\WINDOWS;C:\WINDOWS\System32\Wbem;C:\WINDOWS\System32\WindowsPowerShell\v1.0\;C:\WINDOWS\System32\OpenSSH\;C:\ProgramData\chocolatey\bin;%NVM_HOME%;%NVM_SYMLINK%;C:\Program Files\Git\cmd;C:\Program Files\nodejs\;C:\Users\skulw\AppData\Local\Microsoft\WindowsApps;C:\Users\skulw\AppData\Local\Programs\Microsoft VS Code\bin;C:\Users\skulw\AppData\Local\nvm;C:\nvm4w\nodejs;C:\Users\skulw\AppData\Roaming\npm
USERNAME=skulw
LANG=en_US.UTF-8
OS=Windows_NT
PROCESSOR_IDENTIFIER=Intel64 Family 6 Model 165 Stepping 2, GenuineIntel
TMP=C:\Users\skulw\AppData\Local\Temp
TEMP=C:\Users\skulw\AppData\Local\Temp



Periodic native trim disabled


---------------  S Y S T E M  ---------------

OS:
 Windows 11 , 64 bit Build 26100 (10.0.26100.7019)
OS uptime: 15 days 22:16 hours
Hyper-V role detected

CPU: total 16 (initial active 16) (8 cores per cpu, 2 threads per core) family 6 model 165 stepping 2 microcode 0xf0, cx8, cmov, fxsr, ht, mmx, 3dnowpref, sse, sse2, sse3, ssse3, sse4.1, sse4.2, popcnt, lzcnt, tsc, tscinvbit, avx, avx2, aes, erms, clmul, bmi1, bmi2, adx, fma, vzeroupper, clflush, clflushopt, hv
Processor Information for the first 16 processors :
  Max Mhz: 2208, Current Mhz: 2208, Mhz Limit: 2208

Memory: 4k page, system-wide physical 16159M (2601M free)
TotalPageFile size 17498M (AvailPageFile size 4M)
current process WorkingSet (physical memory assigned to process): 12M, peak: 12M
current process commit charge ("private bytes"): 70M, peak: 134M

vm_info: OpenJDK 64-Bit Server VM (17.0.17+10-LTS) for windows-amd64 JRE (17.0.17+10-LTS), built on Oct 13 2025 22:19:56 by "MicrosoftCorporation" with unknown MS VC++:1944

END.
